2022-08-27 19:17:52 INFO  - I am in onStart method Default test
2022-08-27 19:19:42 INFO  - Updated environment details at /src/main/resources/environment.properties
2022-08-27 19:19:43 INFO  - Platform: windows 10  Windows_App: null
2022-08-27 19:20:23 INFO  - Testcase started: welcomeTest
2022-08-27 19:20:23 INFO  - Test SkippedwelcomeTest
2022-08-27 19:20:23 INFO  - I am in onFinish method Default test
2022-08-27 19:20:23 INFO  - Report closed 
2022-08-27 19:22:06 INFO  - I am in onStart method Default test
2022-08-27 19:22:52 INFO  - Updated environment details at /src/main/resources/environment.properties
2022-08-27 19:23:58 INFO  - Platform: windows 10  Windows_App: null
2022-08-27 19:25:20 INFO  - Testcase started: welcomeTest
2022-08-27 19:25:21 INFO  - Test SkippedwelcomeTest
2022-08-27 19:25:21 INFO  - I am in onFinish method Default test
2022-08-27 19:25:21 INFO  - Report closed 
2022-08-27 19:32:30 INFO  - I am in onStart method Default test
2022-08-27 19:32:30 INFO  - Updated environment details at /src/main/resources/environment.properties
2022-08-27 19:32:39 INFO  - Platform: windows 10  Windows_App: null
2022-08-27 19:33:03 INFO  - Testcase started: welcomeTest
2022-08-27 19:33:03 INFO  - Test SkippedwelcomeTest
2022-08-27 19:33:03 INFO  - I am in onFinish method Default test
2022-08-27 19:33:03 INFO  - Report closed 
2022-08-27 19:35:48 INFO  - I am in onStart method Default test
2022-08-27 19:35:48 INFO  - Updated environment details at /src/main/resources/environment.properties
2022-08-27 19:36:16 INFO  - Platform: windows 10  Windows_App: null
2022-08-27 19:36:23 INFO  -   Windows_App: null app launched succefully: 
2022-08-27 19:36:23 INFO  - Testcase started: welcomeTest
2022-08-27 19:39:06 INFO  - I am in onStart method Default test
2022-08-27 19:39:06 INFO  - Updated environment details at /src/main/resources/environment.properties
2022-08-27 19:39:46 INFO  - Platform: windows 10  Windows_App: C:\Windows\System32\notepad.exe
2022-08-27 19:39:58 INFO  -   Windows_App: C:\Windows\System32\notepad.exe app launched succefully: 
2022-08-27 19:40:06 INFO  - Testcase started: welcomeTest
2022-08-27 19:41:10 INFO  - I am in onFinish method Default test
2022-08-27 19:41:11 INFO  - Report closed 
2022-08-27 19:45:11 INFO  - I am in onStart method Default test
2022-08-27 19:45:11 INFO  - Updated environment details at /src/main/resources/environment.properties
2022-08-27 19:45:18 INFO  - Platform: windows 10  Windows_App: C:\Windows\System32\notepad.exe
2022-08-27 19:45:19 INFO  -   Windows_App: C:\Windows\System32\notepad.exe app launched succefully: 
2022-08-27 19:45:19 INFO  - Testcase started: welcomeTest
2022-08-27 19:46:47 INFO  - I am in onFinish method Default test
2022-08-27 19:46:47 INFO  - Report closed 
2022-08-27 19:56:18 INFO  - I am in onStart method Default test
2022-08-27 19:56:18 INFO  - Updated environment details at /src/main/resources/environment.properties
2022-08-27 19:56:19 INFO  - Platform: windows 10  Windows_App: C:\Windows\System32\notepad.exe
2022-08-27 19:56:20 INFO  -   Windows_App: C:\Windows\System32\notepad.exe app launched succefully: 
2022-08-27 19:56:48 INFO  - Testcase started: welcomeTest
2022-08-27 19:57:39 INFO  - I am in onFinish method Default test
2022-08-27 19:57:46 INFO  - Report closed 
2022-08-27 19:59:15 INFO  - I am in onStart method Default test
2022-08-27 19:59:15 INFO  - Updated environment details at /src/main/resources/environment.properties
2022-08-27 19:59:16 INFO  - Platform: windows 10  Windows_App: C:\Windows\System32\notepad.exe
2022-08-27 19:59:17 INFO  -   Windows_App: C:\Windows\System32\notepad.exe app launched succefully: 
2022-08-27 19:59:17 INFO  - Testcase started: welcomeTest
2022-08-27 19:59:18 INFO  - I am in onFinish method Default test
2022-08-27 19:59:18 INFO  - Report closed 
2022-08-27 20:00:44 INFO  - I am in onStart method Default test
2022-08-27 20:00:44 INFO  - Updated environment details at /src/main/resources/environment.properties
2022-08-27 20:00:45 INFO  - Platform: windows 10  Windows_App: C:\Windows\System32\notepad.exe
2022-08-27 20:00:46 INFO  -   Windows_App: C:\Windows\System32\notepad.exe app launched succefully: 
2022-08-27 20:00:56 INFO  - Testcase started: welcomeTest
2022-08-27 20:01:22 INFO  - I am in onFinish method Default test
2022-08-27 20:01:22 INFO  - Report closed 
2022-08-27 20:34:19 INFO  - I am in onStart method Default test
2022-08-27 20:34:19 INFO  - Updated environment details at /src/main/resources/environment.properties
2022-08-27 20:34:20 INFO  - Platform: windows 10  Windows_App: C:\Windows\System32\notepad.exe
2022-08-27 20:34:22 INFO  -   Windows_App: C:\Windows\System32\notepad.exe app launched succefully: 
2022-08-27 20:34:34 INFO  - Testcase started: welcomeTest
2022-08-27 20:35:15 INFO  - Check Element visible: By.name: File
2022-08-27 20:35:15 INFO  - Failed :Verify File tab is displayed  --Fail
2022-08-27 20:37:12 INFO  - I am in onStart method Default test
2022-08-27 20:37:12 INFO  - Updated environment details at /src/main/resources/environment.properties
2022-08-27 20:37:13 INFO  - Platform: windows 10  Windows_App: C:\Windows\System32\notepad.exe
2022-08-27 20:37:14 INFO  -   Windows_App: C:\Windows\System32\notepad.exe app launched succefully: 
2022-08-27 20:37:25 INFO  - Testcase started: welcomeTest
2022-08-27 20:37:43 INFO  - Check Element visible: By.name: File
2022-08-27 20:38:11 INFO  - Failed :Verify File tab is displayed  --Fail
2022-08-27 20:38:12 INFO  - Failed :java.lang.NullPointerException: Cannot invoke "io.appium.java_client.windows.WindowsDriver.findElement(org.openqa.selenium.By)" because "this.win_driver" is null
	at controllers.BaseActions.getWebElement(BaseActions.java:318)
	at controllers.BaseActions.click(BaseActions.java:343)
	at com.smoke.Web.WelcomePage.clickOnAllTabs(WelcomePage.java:27)
	at com.smoke.tests.WelcomeTest.welcomeTest(WelcomeTest.java:31)
	at java.base/jdk.internal.reflect.NativeMethodAccessorImpl.invoke0(Native Method)
	at java.base/jdk.internal.reflect.NativeMethodAccessorImpl.invoke(NativeMethodAccessorImpl.java:64)
	at java.base/jdk.internal.reflect.DelegatingMethodAccessorImpl.invoke(DelegatingMethodAccessorImpl.java:43)
	at java.base/java.lang.reflect.Method.invoke(Method.java:564)
	at org.testng.internal.MethodInvocationHelper.invokeMethod(MethodInvocationHelper.java:133)
	at org.testng.internal.TestInvoker.invokeMethod(TestInvoker.java:598)
	at org.testng.internal.TestInvoker.invokeTestMethod(TestInvoker.java:173)
	at org.testng.internal.MethodRunner.runInSequence(MethodRunner.java:46)
	at org.testng.internal.TestInvoker$MethodInvocationAgent.invoke(TestInvoker.java:824)
	at org.testng.internal.TestInvoker.invokeTestMethods(TestInvoker.java:146)
	at org.testng.internal.TestMethodWorker.invokeTestMethods(TestMethodWorker.java:146)
	at org.testng.internal.TestMethodWorker.run(TestMethodWorker.java:128)
	at java.base/java.util.ArrayList.forEach(ArrayList.java:1511)
	at org.testng.TestRunner.privateRun(TestRunner.java:794)
	at org.testng.TestRunner.run(TestRunner.java:596)
	at org.testng.SuiteRunner.runTest(SuiteRunner.java:377)
	at org.testng.SuiteRunner.runSequentially(SuiteRunner.java:371)
	at org.testng.SuiteRunner.privateRun(SuiteRunner.java:332)
	at org.testng.SuiteRunner.run(SuiteRunner.java:276)
	at org.testng.SuiteRunnerWorker.runSuite(SuiteRunnerWorker.java:53)
	at org.testng.SuiteRunnerWorker.run(SuiteRunnerWorker.java:96)
	at org.testng.TestNG.runSuitesSequentially(TestNG.java:1212)
	at org.testng.TestNG.runSuitesLocally(TestNG.java:1134)
	at org.testng.TestNG.runSuites(TestNG.java:1063)
	at org.testng.TestNG.run(TestNG.java:1031)
	at org.testng.remote.AbstractRemoteTestNG.run(AbstractRemoteTestNG.java:115)
	at org.testng.remote.RemoteTestNG.initAndRun(RemoteTestNG.java:251)
	at org.testng.remote.RemoteTestNG.main(RemoteTestNG.java:77)

2022-08-27 20:38:12 INFO  - Failed :java.lang.NullPointerException: Cannot invoke "Object.getClass()" because "driver" is null
	at org.openqa.selenium.remote.Augmenter.extractRemoteWebDriver(Augmenter.java:72)
	at org.openqa.selenium.remote.BaseAugmenter.augment(BaseAugmenter.java:96)
	at ru.yandex.qatools.ashot.shooting.SimpleShootingStrategy.getScreenshot(SimpleShootingStrategy.java:24)
	at ru.yandex.qatools.ashot.AShot.takeScreenshot(AShot.java:143)
	at controllers.BaseActions.takeScreenshot(BaseActions.java:1499)
	at listeners.CustomListener.onTestFailure(CustomListener.java:121)
	at org.testng.internal.TestListenerHelper.runTestListeners(TestListenerHelper.java:96)
	at org.testng.internal.TestInvoker.runTestResultListener(TestInvoker.java:219)
	at org.testng.internal.TestInvoker.invokeMethod(TestInvoker.java:656)
	at org.testng.internal.TestInvoker.invokeTestMethod(TestInvoker.java:173)
	at org.testng.internal.MethodRunner.runInSequence(MethodRunner.java:46)
	at org.testng.internal.TestInvoker$MethodInvocationAgent.invoke(TestInvoker.java:824)
	at org.testng.internal.TestInvoker.invokeTestMethods(TestInvoker.java:146)
	at org.testng.internal.TestMethodWorker.invokeTestMethods(TestMethodWorker.java:146)
	at org.testng.internal.TestMethodWorker.run(TestMethodWorker.java:128)
	at java.base/java.util.ArrayList.forEach(ArrayList.java:1511)
	at org.testng.TestRunner.privateRun(TestRunner.java:794)
	at org.testng.TestRunner.run(TestRunner.java:596)
	at org.testng.SuiteRunner.runTest(SuiteRunner.java:377)
	at org.testng.SuiteRunner.runSequentially(SuiteRunner.java:371)
	at org.testng.SuiteRunner.privateRun(SuiteRunner.java:332)
	at org.testng.SuiteRunner.run(SuiteRunner.java:276)
	at org.testng.SuiteRunnerWorker.runSuite(SuiteRunnerWorker.java:53)
	at org.testng.SuiteRunnerWorker.run(SuiteRunnerWorker.java:96)
	at org.testng.TestNG.runSuitesSequentially(TestNG.java:1212)
	at org.testng.TestNG.runSuitesLocally(TestNG.java:1134)
	at org.testng.TestNG.runSuites(TestNG.java:1063)
	at org.testng.TestNG.run(TestNG.java:1031)
	at org.testng.remote.AbstractRemoteTestNG.run(AbstractRemoteTestNG.java:115)
	at org.testng.remote.RemoteTestNG.initAndRun(RemoteTestNG.java:251)
	at org.testng.remote.RemoteTestNG.main(RemoteTestNG.java:77)

2022-08-27 20:38:12 INFO  - I am in onFinish method Default test
2022-08-27 20:38:12 INFO  - Report closed 
2022-08-27 20:42:21 INFO  - I am in onStart method Default test
2022-08-27 20:42:21 INFO  - Updated environment details at /src/main/resources/environment.properties
2022-08-27 20:42:22 INFO  - Platform: windows 10  Windows_App: C:\Windows\System32\notepad.exe
2022-08-27 20:42:24 INFO  -   Windows_App: C:\Windows\System32\notepad.exe app launched succefully: 
2022-08-27 20:42:44 INFO  - Testcase started: welcomeTest
2022-08-27 20:43:17 INFO  - Check Element visible: By.name: File
2022-08-27 20:43:41 INFO  - Failed :Verify File tab is displayed  --Fail
2022-08-27 20:44:01 INFO  - Failed :org.openqa.selenium.WebDriverException: Command not implemented: POST: /session/AC0D8C90-F2C9-4B09-98AB-290D64A6E772/execute
Command duration or timeout: 98 milliseconds
Build info: version: '3.141.59', revision: 'e82be7d358', time: '2018-11-14T08:17:03'
System info: host: 'DESKTOP-EJBO9TN', ip: '192.168.29.35', os.name: 'Windows 10', os.arch: 'amd64', os.version: '10.0', java.version: '15.0.1'
Driver info: io.appium.java_client.windows.WindowsDriver
Capabilities {app: C:\Windows\System32\notepad..., javascriptEnabled: true, platform: WINDOWS, platformName: Windows}
Session ID: AC0D8C90-F2C9-4B09-98AB-290D64A6E772
	at java.base/jdk.internal.reflect.NativeConstructorAccessorImpl.newInstance0(Native Method)
	at java.base/jdk.internal.reflect.NativeConstructorAccessorImpl.newInstance(NativeConstructorAccessorImpl.java:64)
	at java.base/jdk.internal.reflect.DelegatingConstructorAccessorImpl.newInstance(DelegatingConstructorAccessorImpl.java:45)
	at java.base/java.lang.reflect.Constructor.newInstanceWithCaller(Constructor.java:500)
	at java.base/java.lang.reflect.Constructor.newInstance(Constructor.java:481)
	at org.openqa.selenium.remote.ErrorHandler.createThrowable(ErrorHandler.java:214)
	at org.openqa.selenium.remote.ErrorHandler.throwIfResponseFailed(ErrorHandler.java:166)
	at org.openqa.selenium.remote.RemoteWebDriver.execute(RemoteWebDriver.java:586)
	at io.appium.java_client.DefaultGenericMobileDriver.execute(DefaultGenericMobileDriver.java:41)
	at io.appium.java_client.AppiumDriver.execute(AppiumDriver.java:1)
	at io.appium.java_client.windows.WindowsDriver.execute(WindowsDriver.java:1)
	at org.openqa.selenium.remote.RemoteWebDriver.executeScript(RemoteWebDriver.java:489)
	at controllers.BaseActions.highLightElement(BaseActions.java:584)
	at controllers.BaseActions.click(BaseActions.java:349)
	at com.smoke.Web.WelcomePage.clickOnAllTabs(WelcomePage.java:31)
	at com.smoke.tests.WelcomeTest.welcomeTest(WelcomeTest.java:31)
	at java.base/jdk.internal.reflect.NativeMethodAccessorImpl.invoke0(Native Method)
	at java.base/jdk.internal.reflect.NativeMethodAccessorImpl.invoke(NativeMethodAccessorImpl.java:64)
	at java.base/jdk.internal.reflect.DelegatingMethodAccessorImpl.invoke(DelegatingMethodAccessorImpl.java:43)
	at java.base/java.lang.reflect.Method.invoke(Method.java:564)
	at org.testng.internal.MethodInvocationHelper.invokeMethod(MethodInvocationHelper.java:133)
	at org.testng.internal.TestInvoker.invokeMethod(TestInvoker.java:598)
	at org.testng.internal.TestInvoker.invokeTestMethod(TestInvoker.java:173)
	at org.testng.internal.MethodRunner.runInSequence(MethodRunner.java:46)
	at org.testng.internal.TestInvoker$MethodInvocationAgent.invoke(TestInvoker.java:824)
	at org.testng.internal.TestInvoker.invokeTestMethods(TestInvoker.java:146)
	at org.testng.internal.TestMethodWorker.invokeTestMethods(TestMethodWorker.java:146)
	at org.testng.internal.TestMethodWorker.run(TestMethodWorker.java:128)
	at java.base/java.util.ArrayList.forEach(ArrayList.java:1511)
	at org.testng.TestRunner.privateRun(TestRunner.java:794)
	at org.testng.TestRunner.run(TestRunner.java:596)
	at org.testng.SuiteRunner.runTest(SuiteRunner.java:377)
	at org.testng.SuiteRunner.runSequentially(SuiteRunner.java:371)
	at org.testng.SuiteRunner.privateRun(SuiteRunner.java:332)
	at org.testng.SuiteRunner.run(SuiteRunner.java:276)
	at org.testng.SuiteRunnerWorker.runSuite(SuiteRunnerWorker.java:53)
	at org.testng.SuiteRunnerWorker.run(SuiteRunnerWorker.java:96)
	at org.testng.TestNG.runSuitesSequentially(TestNG.java:1212)
	at org.testng.TestNG.runSuitesLocally(TestNG.java:1134)
	at org.testng.TestNG.runSuites(TestNG.java:1063)
	at org.testng.TestNG.run(TestNG.java:1031)
	at org.testng.remote.AbstractRemoteTestNG.run(AbstractRemoteTestNG.java:115)
	at org.testng.remote.RemoteTestNG.initAndRun(RemoteTestNG.java:251)
	at org.testng.remote.RemoteTestNG.main(RemoteTestNG.java:77)

2022-08-27 20:44:09 INFO  - Failed :java.lang.NullPointerException: Cannot invoke "Object.getClass()" because "driver" is null
	at org.openqa.selenium.remote.Augmenter.extractRemoteWebDriver(Augmenter.java:72)
	at org.openqa.selenium.remote.BaseAugmenter.augment(BaseAugmenter.java:96)
	at ru.yandex.qatools.ashot.shooting.SimpleShootingStrategy.getScreenshot(SimpleShootingStrategy.java:24)
	at ru.yandex.qatools.ashot.AShot.takeScreenshot(AShot.java:143)
	at controllers.BaseActions.takeScreenshot(BaseActions.java:1499)
	at listeners.CustomListener.onTestFailure(CustomListener.java:121)
	at org.testng.internal.TestListenerHelper.runTestListeners(TestListenerHelper.java:96)
	at org.testng.internal.TestInvoker.runTestResultListener(TestInvoker.java:219)
	at org.testng.internal.TestInvoker.invokeMethod(TestInvoker.java:656)
	at org.testng.internal.TestInvoker.invokeTestMethod(TestInvoker.java:173)
	at org.testng.internal.MethodRunner.runInSequence(MethodRunner.java:46)
	at org.testng.internal.TestInvoker$MethodInvocationAgent.invoke(TestInvoker.java:824)
	at org.testng.internal.TestInvoker.invokeTestMethods(TestInvoker.java:146)
	at org.testng.internal.TestMethodWorker.invokeTestMethods(TestMethodWorker.java:146)
	at org.testng.internal.TestMethodWorker.run(TestMethodWorker.java:128)
	at java.base/java.util.ArrayList.forEach(ArrayList.java:1511)
	at org.testng.TestRunner.privateRun(TestRunner.java:794)
	at org.testng.TestRunner.run(TestRunner.java:596)
	at org.testng.SuiteRunner.runTest(SuiteRunner.java:377)
	at org.testng.SuiteRunner.runSequentially(SuiteRunner.java:371)
	at org.testng.SuiteRunner.privateRun(SuiteRunner.java:332)
	at org.testng.SuiteRunner.run(SuiteRunner.java:276)
	at org.testng.SuiteRunnerWorker.runSuite(SuiteRunnerWorker.java:53)
	at org.testng.SuiteRunnerWorker.run(SuiteRunnerWorker.java:96)
	at org.testng.TestNG.runSuitesSequentially(TestNG.java:1212)
	at org.testng.TestNG.runSuitesLocally(TestNG.java:1134)
	at org.testng.TestNG.runSuites(TestNG.java:1063)
	at org.testng.TestNG.run(TestNG.java:1031)
	at org.testng.remote.AbstractRemoteTestNG.run(AbstractRemoteTestNG.java:115)
	at org.testng.remote.RemoteTestNG.initAndRun(RemoteTestNG.java:251)
	at org.testng.remote.RemoteTestNG.main(RemoteTestNG.java:77)

2022-08-27 20:44:09 INFO  - I am in onFinish method Default test
2022-08-27 20:44:09 INFO  - Report closed 
2022-08-27 21:00:35 INFO  - I am in onStart method Default test
2022-08-27 21:00:35 INFO  - Updated environment details at /src/main/resources/environment.properties
2022-08-27 21:00:35 INFO  - Platform: windows 10  Windows_App: C:\Windows\System32\notepad.exe
2022-08-27 21:00:37 INFO  -   Windows_App: C:\Windows\System32\notepad.exe app launched succefully: 
2022-08-27 21:00:37 INFO  - Testcase started: welcomeTest
2022-08-27 21:00:37 INFO  - Check Element visible: By.name: File
2022-08-27 21:00:38 INFO  - Verify File tab is displayed --Pass
2022-08-27 21:00:41 INFO  - Click on File tab  --Pass
2022-08-27 21:00:45 INFO  - Click on Edit tab  --Pass
2022-08-27 21:00:48 INFO  - Click on View tab  --Pass
2022-08-27 21:00:48 INFO  - Check Element visible: By.name: Edit
2022-08-27 21:00:48 INFO  - Verify Edit tab is displayed --Pass
2022-08-27 21:00:52 INFO  - Click on Edit tab  --Pass
2022-08-27 21:00:52 INFO  - Failed :java.lang.NullPointerException: Cannot invoke "io.appium.java_client.windows.WindowsDriver.findElement(org.openqa.selenium.By)" because "this.win_driver" is null
	at controllers.BaseActions.getWebElement(BaseActions.java:318)
	at controllers.BaseActions.click(BaseActions.java:343)
	at com.smoke.Web.EditPage.enterDateTime(EditPage.java:29)
	at com.smoke.tests.WelcomeTest.welcomeTest(WelcomeTest.java:34)
	at java.base/jdk.internal.reflect.NativeMethodAccessorImpl.invoke0(Native Method)
	at java.base/jdk.internal.reflect.NativeMethodAccessorImpl.invoke(NativeMethodAccessorImpl.java:64)
	at java.base/jdk.internal.reflect.DelegatingMethodAccessorImpl.invoke(DelegatingMethodAccessorImpl.java:43)
	at java.base/java.lang.reflect.Method.invoke(Method.java:564)
	at org.testng.internal.MethodInvocationHelper.invokeMethod(MethodInvocationHelper.java:133)
	at org.testng.internal.TestInvoker.invokeMethod(TestInvoker.java:598)
	at org.testng.internal.TestInvoker.invokeTestMethod(TestInvoker.java:173)
	at org.testng.internal.MethodRunner.runInSequence(MethodRunner.java:46)
	at org.testng.internal.TestInvoker$MethodInvocationAgent.invoke(TestInvoker.java:824)
	at org.testng.internal.TestInvoker.invokeTestMethods(TestInvoker.java:146)
	at org.testng.internal.TestMethodWorker.invokeTestMethods(TestMethodWorker.java:146)
	at org.testng.internal.TestMethodWorker.run(TestMethodWorker.java:128)
	at java.base/java.util.ArrayList.forEach(ArrayList.java:1511)
	at org.testng.TestRunner.privateRun(TestRunner.java:794)
	at org.testng.TestRunner.run(TestRunner.java:596)
	at org.testng.SuiteRunner.runTest(SuiteRunner.java:377)
	at org.testng.SuiteRunner.runSequentially(SuiteRunner.java:371)
	at org.testng.SuiteRunner.privateRun(SuiteRunner.java:332)
	at org.testng.SuiteRunner.run(SuiteRunner.java:276)
	at org.testng.SuiteRunnerWorker.runSuite(SuiteRunnerWorker.java:53)
	at org.testng.SuiteRunnerWorker.run(SuiteRunnerWorker.java:96)
	at org.testng.TestNG.runSuitesSequentially(TestNG.java:1212)
	at org.testng.TestNG.runSuitesLocally(TestNG.java:1134)
	at org.testng.TestNG.runSuites(TestNG.java:1063)
	at org.testng.TestNG.run(TestNG.java:1031)
	at org.testng.remote.AbstractRemoteTestNG.run(AbstractRemoteTestNG.java:115)
	at org.testng.remote.RemoteTestNG.initAndRun(RemoteTestNG.java:251)
	at org.testng.remote.RemoteTestNG.main(RemoteTestNG.java:77)

2022-08-27 21:00:52 INFO  - Failed :java.lang.NullPointerException: Cannot invoke "Object.getClass()" because "driver" is null
	at org.openqa.selenium.remote.Augmenter.extractRemoteWebDriver(Augmenter.java:72)
	at org.openqa.selenium.remote.BaseAugmenter.augment(BaseAugmenter.java:96)
	at ru.yandex.qatools.ashot.shooting.SimpleShootingStrategy.getScreenshot(SimpleShootingStrategy.java:24)
	at ru.yandex.qatools.ashot.AShot.takeScreenshot(AShot.java:143)
	at controllers.BaseActions.takeScreenshot(BaseActions.java:1497)
	at listeners.CustomListener.onTestFailure(CustomListener.java:121)
	at org.testng.internal.TestListenerHelper.runTestListeners(TestListenerHelper.java:96)
	at org.testng.internal.TestInvoker.runTestResultListener(TestInvoker.java:219)
	at org.testng.internal.TestInvoker.invokeMethod(TestInvoker.java:656)
	at org.testng.internal.TestInvoker.invokeTestMethod(TestInvoker.java:173)
	at org.testng.internal.MethodRunner.runInSequence(MethodRunner.java:46)
	at org.testng.internal.TestInvoker$MethodInvocationAgent.invoke(TestInvoker.java:824)
	at org.testng.internal.TestInvoker.invokeTestMethods(TestInvoker.java:146)
	at org.testng.internal.TestMethodWorker.invokeTestMethods(TestMethodWorker.java:146)
	at org.testng.internal.TestMethodWorker.run(TestMethodWorker.java:128)
	at java.base/java.util.ArrayList.forEach(ArrayList.java:1511)
	at org.testng.TestRunner.privateRun(TestRunner.java:794)
	at org.testng.TestRunner.run(TestRunner.java:596)
	at org.testng.SuiteRunner.runTest(SuiteRunner.java:377)
	at org.testng.SuiteRunner.runSequentially(SuiteRunner.java:371)
	at org.testng.SuiteRunner.privateRun(SuiteRunner.java:332)
	at org.testng.SuiteRunner.run(SuiteRunner.java:276)
	at org.testng.SuiteRunnerWorker.runSuite(SuiteRunnerWorker.java:53)
	at org.testng.SuiteRunnerWorker.run(SuiteRunnerWorker.java:96)
	at org.testng.TestNG.runSuitesSequentially(TestNG.java:1212)
	at org.testng.TestNG.runSuitesLocally(TestNG.java:1134)
	at org.testng.TestNG.runSuites(TestNG.java:1063)
	at org.testng.TestNG.run(TestNG.java:1031)
	at org.testng.remote.AbstractRemoteTestNG.run(AbstractRemoteTestNG.java:115)
	at org.testng.remote.RemoteTestNG.initAndRun(RemoteTestNG.java:251)
	at org.testng.remote.RemoteTestNG.main(RemoteTestNG.java:77)

2022-08-27 21:00:52 INFO  - I am in onFinish method Default test
2022-08-27 21:00:52 INFO  - Report closed 
2022-08-27 21:05:46 INFO  - I am in onStart method Default test
2022-08-27 21:05:46 INFO  - Updated environment details at /src/main/resources/environment.properties
2022-08-27 21:05:47 INFO  - Platform: windows 10  Windows_App: C:\Windows\System32\notepad.exe
2022-08-27 21:05:48 INFO  -   Windows_App: C:\Windows\System32\notepad.exe app launched succefully: 
2022-08-27 21:05:57 INFO  - Testcase started: welcomeTest
2022-08-27 21:07:07 INFO  - Check Element visible: By.name: File
2022-08-27 21:07:08 INFO  - Verify File tab is displayed --Pass
2022-08-27 21:07:11 INFO  - Click on File tab  --Pass
2022-08-27 21:07:15 INFO  - Click on Edit tab  --Pass
2022-08-27 21:07:18 INFO  - Click on View tab  --Pass
2022-08-27 21:08:03 INFO  - Check Element visible: By.name: Edit
2022-08-27 21:08:03 INFO  - Verify Edit tab is displayed --Pass
2022-08-27 21:08:08 INFO  - Click on Edit tab  --Pass
2022-08-27 21:08:33 INFO  - Failed :org.openqa.selenium.NoSuchElementException: An element could not be located on the page using the given search parameters. (WARNING: The server did not provide any stacktrace information)
Command duration or timeout: 0 milliseconds
For documentation on this error, please visit: https://www.seleniumhq.org/exceptions/no_such_element.html
Build info: version: '3.141.59', revision: 'e82be7d358', time: '2018-11-14T08:17:03'
System info: host: 'DESKTOP-EJBO9TN', ip: '192.168.29.35', os.name: 'Windows 10', os.arch: 'amd64', os.version: '10.0', java.version: '15.0.1'
Driver info: io.appium.java_client.windows.WindowsDriver
Capabilities {app: C:\Windows\System32\notepad..., javascriptEnabled: true, platform: WINDOWS, platformName: Windows}
Session ID: BFDC088B-C36A-4382-8723-21918C71773F
*** Element info: {Using=xpath, value=//MenuItem[starts-with(@Name, 'Time/Date')]}
	at java.base/jdk.internal.reflect.NativeConstructorAccessorImpl.newInstance0(Native Method)
	at java.base/jdk.internal.reflect.NativeConstructorAccessorImpl.newInstance(NativeConstructorAccessorImpl.java:64)
	at java.base/jdk.internal.reflect.DelegatingConstructorAccessorImpl.newInstance(DelegatingConstructorAccessorImpl.java:45)
	at java.base/java.lang.reflect.Constructor.newInstanceWithCaller(Constructor.java:500)
	at java.base/java.lang.reflect.Constructor.newInstance(Constructor.java:481)
	at org.openqa.selenium.remote.ErrorHandler.createThrowable(ErrorHandler.java:214)
	at org.openqa.selenium.remote.ErrorHandler.throwIfResponseFailed(ErrorHandler.java:166)
	at org.openqa.selenium.remote.http.JsonHttpResponseCodec.reconstructValue(JsonHttpResponseCodec.java:40)
	at org.openqa.selenium.remote.http.AbstractHttpResponseCodec.decode(AbstractHttpResponseCodec.java:80)
	at org.openqa.selenium.remote.http.AbstractHttpResponseCodec.decode(AbstractHttpResponseCodec.java:44)
	at org.openqa.selenium.remote.HttpCommandExecutor.execute(HttpCommandExecutor.java:158)
	at io.appium.java_client.remote.AppiumCommandExecutor.execute(AppiumCommandExecutor.java:239)
	at org.openqa.selenium.remote.RemoteWebDriver.execute(RemoteWebDriver.java:552)
	at io.appium.java_client.DefaultGenericMobileDriver.execute(DefaultGenericMobileDriver.java:41)
	at io.appium.java_client.AppiumDriver.execute(AppiumDriver.java:1)
	at io.appium.java_client.windows.WindowsDriver.execute(WindowsDriver.java:1)
	at org.openqa.selenium.remote.RemoteWebDriver.findElement(RemoteWebDriver.java:323)
	at io.appium.java_client.DefaultGenericMobileDriver.findElement(DefaultGenericMobileDriver.java:61)
	at io.appium.java_client.AppiumDriver.findElement(AppiumDriver.java:1)
	at io.appium.java_client.windows.WindowsDriver.findElement(WindowsDriver.java:1)
	at org.openqa.selenium.remote.RemoteWebDriver.findElementByXPath(RemoteWebDriver.java:428)
	at io.appium.java_client.DefaultGenericMobileDriver.findElementByXPath(DefaultGenericMobileDriver.java:151)
	at io.appium.java_client.AppiumDriver.findElementByXPath(AppiumDriver.java:1)
	at io.appium.java_client.windows.WindowsDriver.findElementByXPath(WindowsDriver.java:1)
	at org.openqa.selenium.By$ByXPath.findElement(By.java:353)
	at org.openqa.selenium.remote.RemoteWebDriver.findElement(RemoteWebDriver.java:315)
	at io.appium.java_client.DefaultGenericMobileDriver.findElement(DefaultGenericMobileDriver.java:57)
	at io.appium.java_client.AppiumDriver.findElement(AppiumDriver.java:1)
	at io.appium.java_client.windows.WindowsDriver.findElement(WindowsDriver.java:1)
	at controllers.BaseActions.getWebElement(BaseActions.java:318)
	at controllers.BaseActions.click(BaseActions.java:343)
	at com.smoke.Web.EditPage.enterDateTime(EditPage.java:31)
	at com.smoke.tests.WelcomeTest.welcomeTest(WelcomeTest.java:34)
	at java.base/jdk.internal.reflect.NativeMethodAccessorImpl.invoke0(Native Method)
	at java.base/jdk.internal.reflect.NativeMethodAccessorImpl.invoke(NativeMethodAccessorImpl.java:64)
	at java.base/jdk.internal.reflect.DelegatingMethodAccessorImpl.invoke(DelegatingMethodAccessorImpl.java:43)
	at java.base/java.lang.reflect.Method.invoke(Method.java:564)
	at org.testng.internal.MethodInvocationHelper.invokeMethod(MethodInvocationHelper.java:133)
	at org.testng.internal.TestInvoker.invokeMethod(TestInvoker.java:598)
	at org.testng.internal.TestInvoker.invokeTestMethod(TestInvoker.java:173)
	at org.testng.internal.MethodRunner.runInSequence(MethodRunner.java:46)
	at org.testng.internal.TestInvoker$MethodInvocationAgent.invoke(TestInvoker.java:824)
	at org.testng.internal.TestInvoker.invokeTestMethods(TestInvoker.java:146)
	at org.testng.internal.TestMethodWorker.invokeTestMethods(TestMethodWorker.java:146)
	at org.testng.internal.TestMethodWorker.run(TestMethodWorker.java:128)
	at java.base/java.util.ArrayList.forEach(ArrayList.java:1511)
	at org.testng.TestRunner.privateRun(TestRunner.java:794)
	at org.testng.TestRunner.run(TestRunner.java:596)
	at org.testng.SuiteRunner.runTest(SuiteRunner.java:377)
	at org.testng.SuiteRunner.runSequentially(SuiteRunner.java:371)
	at org.testng.SuiteRunner.privateRun(SuiteRunner.java:332)
	at org.testng.SuiteRunner.run(SuiteRunner.java:276)
	at org.testng.SuiteRunnerWorker.runSuite(SuiteRunnerWorker.java:53)
	at org.testng.SuiteRunnerWorker.run(SuiteRunnerWorker.java:96)
	at org.testng.TestNG.runSuitesSequentially(TestNG.java:1212)
	at org.testng.TestNG.runSuitesLocally(TestNG.java:1134)
	at org.testng.TestNG.runSuites(TestNG.java:1063)
	at org.testng.TestNG.run(TestNG.java:1031)
	at org.testng.remote.AbstractRemoteTestNG.run(AbstractRemoteTestNG.java:115)
	at org.testng.remote.RemoteTestNG.initAndRun(RemoteTestNG.java:251)
	at org.testng.remote.RemoteTestNG.main(RemoteTestNG.java:77)

2022-08-27 21:08:33 INFO  - Failed :java.lang.NullPointerException: Cannot invoke "Object.getClass()" because "driver" is null
	at org.openqa.selenium.remote.Augmenter.extractRemoteWebDriver(Augmenter.java:72)
	at org.openqa.selenium.remote.BaseAugmenter.augment(BaseAugmenter.java:96)
	at ru.yandex.qatools.ashot.shooting.SimpleShootingStrategy.getScreenshot(SimpleShootingStrategy.java:24)
	at ru.yandex.qatools.ashot.AShot.takeScreenshot(AShot.java:143)
	at controllers.BaseActions.takeScreenshot(BaseActions.java:1497)
	at listeners.CustomListener.onTestFailure(CustomListener.java:121)
	at org.testng.internal.TestListenerHelper.runTestListeners(TestListenerHelper.java:96)
	at org.testng.internal.TestInvoker.runTestResultListener(TestInvoker.java:219)
	at org.testng.internal.TestInvoker.invokeMethod(TestInvoker.java:656)
	at org.testng.internal.TestInvoker.invokeTestMethod(TestInvoker.java:173)
	at org.testng.internal.MethodRunner.runInSequence(MethodRunner.java:46)
	at org.testng.internal.TestInvoker$MethodInvocationAgent.invoke(TestInvoker.java:824)
	at org.testng.internal.TestInvoker.invokeTestMethods(TestInvoker.java:146)
	at org.testng.internal.TestMethodWorker.invokeTestMethods(TestMethodWorker.java:146)
	at org.testng.internal.TestMethodWorker.run(TestMethodWorker.java:128)
	at java.base/java.util.ArrayList.forEach(ArrayList.java:1511)
	at org.testng.TestRunner.privateRun(TestRunner.java:794)
	at org.testng.TestRunner.run(TestRunner.java:596)
	at org.testng.SuiteRunner.runTest(SuiteRunner.java:377)
	at org.testng.SuiteRunner.runSequentially(SuiteRunner.java:371)
	at org.testng.SuiteRunner.privateRun(SuiteRunner.java:332)
	at org.testng.SuiteRunner.run(SuiteRunner.java:276)
	at org.testng.SuiteRunnerWorker.runSuite(SuiteRunnerWorker.java:53)
	at org.testng.SuiteRunnerWorker.run(SuiteRunnerWorker.java:96)
	at org.testng.TestNG.runSuitesSequentially(TestNG.java:1212)
	at org.testng.TestNG.runSuitesLocally(TestNG.java:1134)
	at org.testng.TestNG.runSuites(TestNG.java:1063)
	at org.testng.TestNG.run(TestNG.java:1031)
	at org.testng.remote.AbstractRemoteTestNG.run(AbstractRemoteTestNG.java:115)
	at org.testng.remote.RemoteTestNG.initAndRun(RemoteTestNG.java:251)
	at org.testng.remote.RemoteTestNG.main(RemoteTestNG.java:77)

2022-08-27 21:08:33 INFO  - I am in onFinish method Default test
2022-08-27 21:08:34 INFO  - Report closed 
2022-08-27 21:09:26 INFO  - I am in onStart method Default test
2022-08-27 21:09:26 INFO  - Updated environment details at /src/main/resources/environment.properties
2022-08-27 21:09:26 INFO  - Platform: windows 10  Windows_App: C:\Windows\System32\notepad.exe
2022-08-27 21:09:27 INFO  -   Windows_App: C:\Windows\System32\notepad.exe app launched succefully: 
2022-08-27 21:09:27 INFO  - Testcase started: welcomeTest
2022-08-27 21:09:28 INFO  - Check Element visible: By.name: File
2022-08-27 21:09:28 INFO  - Verify File tab is displayed --Pass
2022-08-27 21:09:31 INFO  - Click on File tab  --Pass
2022-08-27 21:09:35 INFO  - Click on Edit tab  --Pass
2022-08-27 21:09:38 INFO  - Click on View tab  --Pass
2022-08-27 21:09:38 INFO  - Check Element visible: By.name: Edit
2022-08-27 21:09:38 INFO  - Verify Edit tab is displayed --Pass
2022-08-27 21:09:42 INFO  - Click on Edit tab  --Pass
2022-08-27 21:09:42 INFO  - Failed :org.openqa.selenium.NoSuchElementException: An element could not be located on the page using the given search parameters. (WARNING: The server did not provide any stacktrace information)
Command duration or timeout: 0 milliseconds
For documentation on this error, please visit: https://www.seleniumhq.org/exceptions/no_such_element.html
Build info: version: '3.141.59', revision: 'e82be7d358', time: '2018-11-14T08:17:03'
System info: host: 'DESKTOP-EJBO9TN', ip: '192.168.29.35', os.name: 'Windows 10', os.arch: 'amd64', os.version: '10.0', java.version: '15.0.1'
Driver info: io.appium.java_client.windows.WindowsDriver
Capabilities {app: C:\Windows\System32\notepad..., javascriptEnabled: true, platform: WINDOWS, platformName: Windows}
Session ID: B4A665D0-E10E-4783-857D-141F54778219
*** Element info: {Using=xpath, value=//MenuItem[starts-with(@name, 'Time/Date')]}
	at java.base/jdk.internal.reflect.NativeConstructorAccessorImpl.newInstance0(Native Method)
	at java.base/jdk.internal.reflect.NativeConstructorAccessorImpl.newInstance(NativeConstructorAccessorImpl.java:64)
	at java.base/jdk.internal.reflect.DelegatingConstructorAccessorImpl.newInstance(DelegatingConstructorAccessorImpl.java:45)
	at java.base/java.lang.reflect.Constructor.newInstanceWithCaller(Constructor.java:500)
	at java.base/java.lang.reflect.Constructor.newInstance(Constructor.java:481)
	at org.openqa.selenium.remote.ErrorHandler.createThrowable(ErrorHandler.java:214)
	at org.openqa.selenium.remote.ErrorHandler.throwIfResponseFailed(ErrorHandler.java:166)
	at org.openqa.selenium.remote.http.JsonHttpResponseCodec.reconstructValue(JsonHttpResponseCodec.java:40)
	at org.openqa.selenium.remote.http.AbstractHttpResponseCodec.decode(AbstractHttpResponseCodec.java:80)
	at org.openqa.selenium.remote.http.AbstractHttpResponseCodec.decode(AbstractHttpResponseCodec.java:44)
	at org.openqa.selenium.remote.HttpCommandExecutor.execute(HttpCommandExecutor.java:158)
	at io.appium.java_client.remote.AppiumCommandExecutor.execute(AppiumCommandExecutor.java:239)
	at org.openqa.selenium.remote.RemoteWebDriver.execute(RemoteWebDriver.java:552)
	at io.appium.java_client.DefaultGenericMobileDriver.execute(DefaultGenericMobileDriver.java:41)
	at io.appium.java_client.AppiumDriver.execute(AppiumDriver.java:1)
	at io.appium.java_client.windows.WindowsDriver.execute(WindowsDriver.java:1)
	at org.openqa.selenium.remote.RemoteWebDriver.findElement(RemoteWebDriver.java:323)
	at io.appium.java_client.DefaultGenericMobileDriver.findElement(DefaultGenericMobileDriver.java:61)
	at io.appium.java_client.AppiumDriver.findElement(AppiumDriver.java:1)
	at io.appium.java_client.windows.WindowsDriver.findElement(WindowsDriver.java:1)
	at org.openqa.selenium.remote.RemoteWebDriver.findElementByXPath(RemoteWebDriver.java:428)
	at io.appium.java_client.DefaultGenericMobileDriver.findElementByXPath(DefaultGenericMobileDriver.java:151)
	at io.appium.java_client.AppiumDriver.findElementByXPath(AppiumDriver.java:1)
	at io.appium.java_client.windows.WindowsDriver.findElementByXPath(WindowsDriver.java:1)
	at org.openqa.selenium.By$ByXPath.findElement(By.java:353)
	at org.openqa.selenium.remote.RemoteWebDriver.findElement(RemoteWebDriver.java:315)
	at io.appium.java_client.DefaultGenericMobileDriver.findElement(DefaultGenericMobileDriver.java:57)
	at io.appium.java_client.AppiumDriver.findElement(AppiumDriver.java:1)
	at io.appium.java_client.windows.WindowsDriver.findElement(WindowsDriver.java:1)
	at controllers.BaseActions.getWebElement(BaseActions.java:318)
	at controllers.BaseActions.click(BaseActions.java:343)
	at com.smoke.Web.EditPage.enterDateTime(EditPage.java:31)
	at com.smoke.tests.WelcomeTest.welcomeTest(WelcomeTest.java:34)
	at java.base/jdk.internal.reflect.NativeMethodAccessorImpl.invoke0(Native Method)
	at java.base/jdk.internal.reflect.NativeMethodAccessorImpl.invoke(NativeMethodAccessorImpl.java:64)
	at java.base/jdk.internal.reflect.DelegatingMethodAccessorImpl.invoke(DelegatingMethodAccessorImpl.java:43)
	at java.base/java.lang.reflect.Method.invoke(Method.java:564)
	at org.testng.internal.MethodInvocationHelper.invokeMethod(MethodInvocationHelper.java:133)
	at org.testng.internal.TestInvoker.invokeMethod(TestInvoker.java:598)
	at org.testng.internal.TestInvoker.invokeTestMethod(TestInvoker.java:173)
	at org.testng.internal.MethodRunner.runInSequence(MethodRunner.java:46)
	at org.testng.internal.TestInvoker$MethodInvocationAgent.invoke(TestInvoker.java:824)
	at org.testng.internal.TestInvoker.invokeTestMethods(TestInvoker.java:146)
	at org.testng.internal.TestMethodWorker.invokeTestMethods(TestMethodWorker.java:146)
	at org.testng.internal.TestMethodWorker.run(TestMethodWorker.java:128)
	at java.base/java.util.ArrayList.forEach(ArrayList.java:1511)
	at org.testng.TestRunner.privateRun(TestRunner.java:794)
	at org.testng.TestRunner.run(TestRunner.java:596)
	at org.testng.SuiteRunner.runTest(SuiteRunner.java:377)
	at org.testng.SuiteRunner.runSequentially(SuiteRunner.java:371)
	at org.testng.SuiteRunner.privateRun(SuiteRunner.java:332)
	at org.testng.SuiteRunner.run(SuiteRunner.java:276)
	at org.testng.SuiteRunnerWorker.runSuite(SuiteRunnerWorker.java:53)
	at org.testng.SuiteRunnerWorker.run(SuiteRunnerWorker.java:96)
	at org.testng.TestNG.runSuitesSequentially(TestNG.java:1212)
	at org.testng.TestNG.runSuitesLocally(TestNG.java:1134)
	at org.testng.TestNG.runSuites(TestNG.java:1063)
	at org.testng.TestNG.run(TestNG.java:1031)
	at org.testng.remote.AbstractRemoteTestNG.run(AbstractRemoteTestNG.java:115)
	at org.testng.remote.RemoteTestNG.initAndRun(RemoteTestNG.java:251)
	at org.testng.remote.RemoteTestNG.main(RemoteTestNG.java:77)

2022-08-27 21:09:42 INFO  - Failed :java.lang.NullPointerException: Cannot invoke "Object.getClass()" because "driver" is null
	at org.openqa.selenium.remote.Augmenter.extractRemoteWebDriver(Augmenter.java:72)
	at org.openqa.selenium.remote.BaseAugmenter.augment(BaseAugmenter.java:96)
	at ru.yandex.qatools.ashot.shooting.SimpleShootingStrategy.getScreenshot(SimpleShootingStrategy.java:24)
	at ru.yandex.qatools.ashot.AShot.takeScreenshot(AShot.java:143)
	at controllers.BaseActions.takeScreenshot(BaseActions.java:1497)
	at listeners.CustomListener.onTestFailure(CustomListener.java:121)
	at org.testng.internal.TestListenerHelper.runTestListeners(TestListenerHelper.java:96)
	at org.testng.internal.TestInvoker.runTestResultListener(TestInvoker.java:219)
	at org.testng.internal.TestInvoker.invokeMethod(TestInvoker.java:656)
	at org.testng.internal.TestInvoker.invokeTestMethod(TestInvoker.java:173)
	at org.testng.internal.MethodRunner.runInSequence(MethodRunner.java:46)
	at org.testng.internal.TestInvoker$MethodInvocationAgent.invoke(TestInvoker.java:824)
	at org.testng.internal.TestInvoker.invokeTestMethods(TestInvoker.java:146)
	at org.testng.internal.TestMethodWorker.invokeTestMethods(TestMethodWorker.java:146)
	at org.testng.internal.TestMethodWorker.run(TestMethodWorker.java:128)
	at java.base/java.util.ArrayList.forEach(ArrayList.java:1511)
	at org.testng.TestRunner.privateRun(TestRunner.java:794)
	at org.testng.TestRunner.run(TestRunner.java:596)
	at org.testng.SuiteRunner.runTest(SuiteRunner.java:377)
	at org.testng.SuiteRunner.runSequentially(SuiteRunner.java:371)
	at org.testng.SuiteRunner.privateRun(SuiteRunner.java:332)
	at org.testng.SuiteRunner.run(SuiteRunner.java:276)
	at org.testng.SuiteRunnerWorker.runSuite(SuiteRunnerWorker.java:53)
	at org.testng.SuiteRunnerWorker.run(SuiteRunnerWorker.java:96)
	at org.testng.TestNG.runSuitesSequentially(TestNG.java:1212)
	at org.testng.TestNG.runSuitesLocally(TestNG.java:1134)
	at org.testng.TestNG.runSuites(TestNG.java:1063)
	at org.testng.TestNG.run(TestNG.java:1031)
	at org.testng.remote.AbstractRemoteTestNG.run(AbstractRemoteTestNG.java:115)
	at org.testng.remote.RemoteTestNG.initAndRun(RemoteTestNG.java:251)
	at org.testng.remote.RemoteTestNG.main(RemoteTestNG.java:77)

2022-08-27 21:09:42 INFO  - I am in onFinish method Default test
2022-08-27 21:09:43 INFO  - Report closed 
2022-08-27 21:13:15 INFO  - I am in onStart method Default test
2022-08-27 21:13:15 INFO  - Updated environment details at /src/main/resources/environment.properties
2022-08-27 21:13:16 INFO  - Test SkippedsearchItem
2022-08-27 21:13:16 INFO  - I am in onFinish method Default test
2022-08-27 21:13:16 INFO  - Report closed 
2022-08-27 21:14:18 INFO  - I am in onStart method Default test
2022-08-27 21:14:18 INFO  - Updated environment details at /src/main/resources/environment.properties
2022-08-27 21:14:18 INFO  - Platform: windows 10  Windows_App: C:\Windows\System32\notepad.exe
2022-08-27 21:14:19 INFO  -   Windows_App: C:\Windows\System32\notepad.exe app launched succefully: 
2022-08-27 21:14:25 INFO  - Testcase started: searchItem
2022-08-27 21:14:41 INFO  - Check Element visible: By.name: Edit
2022-08-27 21:14:41 INFO  - Verify Edit tab is displayed --Pass
2022-08-27 21:14:44 INFO  - Click on Edit tab  --Pass
2022-08-27 21:15:00 INFO  - Failed :org.openqa.selenium.NoSuchElementException: An element could not be located on the page using the given search parameters. (WARNING: The server did not provide any stacktrace information)
Command duration or timeout: 0 milliseconds
For documentation on this error, please visit: https://www.seleniumhq.org/exceptions/no_such_element.html
Build info: version: '3.141.59', revision: 'e82be7d358', time: '2018-11-14T08:17:03'
System info: host: 'DESKTOP-EJBO9TN', ip: '192.168.29.35', os.name: 'Windows 10', os.arch: 'amd64', os.version: '10.0', java.version: '15.0.1'
Driver info: io.appium.java_client.windows.WindowsDriver
Capabilities {app: C:\Windows\System32\notepad..., javascriptEnabled: true, platform: WINDOWS, platformName: Windows}
Session ID: A8689313-591B-4DBB-B808-ADEB81089E34
*** Element info: {Using=xpath, value=//MenuItem[starts-with(@name, 'Time/Date')]}
	at java.base/jdk.internal.reflect.NativeConstructorAccessorImpl.newInstance0(Native Method)
	at java.base/jdk.internal.reflect.NativeConstructorAccessorImpl.newInstance(NativeConstructorAccessorImpl.java:64)
	at java.base/jdk.internal.reflect.DelegatingConstructorAccessorImpl.newInstance(DelegatingConstructorAccessorImpl.java:45)
	at java.base/java.lang.reflect.Constructor.newInstanceWithCaller(Constructor.java:500)
	at java.base/java.lang.reflect.Constructor.newInstance(Constructor.java:481)
	at org.openqa.selenium.remote.ErrorHandler.createThrowable(ErrorHandler.java:214)
	at org.openqa.selenium.remote.ErrorHandler.throwIfResponseFailed(ErrorHandler.java:166)
	at org.openqa.selenium.remote.http.JsonHttpResponseCodec.reconstructValue(JsonHttpResponseCodec.java:40)
	at org.openqa.selenium.remote.http.AbstractHttpResponseCodec.decode(AbstractHttpResponseCodec.java:80)
	at org.openqa.selenium.remote.http.AbstractHttpResponseCodec.decode(AbstractHttpResponseCodec.java:44)
	at org.openqa.selenium.remote.HttpCommandExecutor.execute(HttpCommandExecutor.java:158)
	at io.appium.java_client.remote.AppiumCommandExecutor.execute(AppiumCommandExecutor.java:239)
	at org.openqa.selenium.remote.RemoteWebDriver.execute(RemoteWebDriver.java:552)
	at io.appium.java_client.DefaultGenericMobileDriver.execute(DefaultGenericMobileDriver.java:41)
	at io.appium.java_client.AppiumDriver.execute(AppiumDriver.java:1)
	at io.appium.java_client.windows.WindowsDriver.execute(WindowsDriver.java:1)
	at org.openqa.selenium.remote.RemoteWebDriver.findElement(RemoteWebDriver.java:323)
	at io.appium.java_client.DefaultGenericMobileDriver.findElement(DefaultGenericMobileDriver.java:61)
	at io.appium.java_client.AppiumDriver.findElement(AppiumDriver.java:1)
	at io.appium.java_client.windows.WindowsDriver.findElement(WindowsDriver.java:1)
	at org.openqa.selenium.remote.RemoteWebDriver.findElementByXPath(RemoteWebDriver.java:428)
	at io.appium.java_client.DefaultGenericMobileDriver.findElementByXPath(DefaultGenericMobileDriver.java:151)
	at io.appium.java_client.AppiumDriver.findElementByXPath(AppiumDriver.java:1)
	at io.appium.java_client.windows.WindowsDriver.findElementByXPath(WindowsDriver.java:1)
	at org.openqa.selenium.By$ByXPath.findElement(By.java:353)
	at org.openqa.selenium.remote.RemoteWebDriver.findElement(RemoteWebDriver.java:315)
	at io.appium.java_client.DefaultGenericMobileDriver.findElement(DefaultGenericMobileDriver.java:57)
	at io.appium.java_client.AppiumDriver.findElement(AppiumDriver.java:1)
	at io.appium.java_client.windows.WindowsDriver.findElement(WindowsDriver.java:1)
	at controllers.BaseActions.getWebElement(BaseActions.java:318)
	at controllers.BaseActions.click(BaseActions.java:343)
	at com.smoke.Web.EditPage.enterDateTime(EditPage.java:31)
	at com.smoke.tests.FilesTest.searchItem(FilesTest.java:32)
	at java.base/jdk.internal.reflect.NativeMethodAccessorImpl.invoke0(Native Method)
	at java.base/jdk.internal.reflect.NativeMethodAccessorImpl.invoke(NativeMethodAccessorImpl.java:64)
	at java.base/jdk.internal.reflect.DelegatingMethodAccessorImpl.invoke(DelegatingMethodAccessorImpl.java:43)
	at java.base/java.lang.reflect.Method.invoke(Method.java:564)
	at org.testng.internal.MethodInvocationHelper.invokeMethod(MethodInvocationHelper.java:133)
	at org.testng.internal.TestInvoker.invokeMethod(TestInvoker.java:598)
	at org.testng.internal.TestInvoker.invokeTestMethod(TestInvoker.java:173)
	at org.testng.internal.MethodRunner.runInSequence(MethodRunner.java:46)
	at org.testng.internal.TestInvoker$MethodInvocationAgent.invoke(TestInvoker.java:824)
	at org.testng.internal.TestInvoker.invokeTestMethods(TestInvoker.java:146)
	at org.testng.internal.TestMethodWorker.invokeTestMethods(TestMethodWorker.java:146)
	at org.testng.internal.TestMethodWorker.run(TestMethodWorker.java:128)
	at java.base/java.util.ArrayList.forEach(ArrayList.java:1511)
	at org.testng.TestRunner.privateRun(TestRunner.java:794)
	at org.testng.TestRunner.run(TestRunner.java:596)
	at org.testng.SuiteRunner.runTest(SuiteRunner.java:377)
	at org.testng.SuiteRunner.runSequentially(SuiteRunner.java:371)
	at org.testng.SuiteRunner.privateRun(SuiteRunner.java:332)
	at org.testng.SuiteRunner.run(SuiteRunner.java:276)
	at org.testng.SuiteRunnerWorker.runSuite(SuiteRunnerWorker.java:53)
	at org.testng.SuiteRunnerWorker.run(SuiteRunnerWorker.java:96)
	at org.testng.TestNG.runSuitesSequentially(TestNG.java:1212)
	at org.testng.TestNG.runSuitesLocally(TestNG.java:1134)
	at org.testng.TestNG.runSuites(TestNG.java:1063)
	at org.testng.TestNG.run(TestNG.java:1031)
	at org.testng.remote.AbstractRemoteTestNG.run(AbstractRemoteTestNG.java:115)
	at org.testng.remote.RemoteTestNG.initAndRun(RemoteTestNG.java:251)
	at org.testng.remote.RemoteTestNG.main(RemoteTestNG.java:77)

2022-08-27 21:15:00 INFO  - Failed :java.lang.NullPointerException: Cannot invoke "Object.getClass()" because "driver" is null
	at org.openqa.selenium.remote.Augmenter.extractRemoteWebDriver(Augmenter.java:72)
	at org.openqa.selenium.remote.BaseAugmenter.augment(BaseAugmenter.java:96)
	at ru.yandex.qatools.ashot.shooting.SimpleShootingStrategy.getScreenshot(SimpleShootingStrategy.java:24)
	at ru.yandex.qatools.ashot.AShot.takeScreenshot(AShot.java:143)
	at controllers.BaseActions.takeScreenshot(BaseActions.java:1497)
	at listeners.CustomListener.onTestFailure(CustomListener.java:121)
	at org.testng.internal.TestListenerHelper.runTestListeners(TestListenerHelper.java:96)
	at org.testng.internal.TestInvoker.runTestResultListener(TestInvoker.java:219)
	at org.testng.internal.TestInvoker.invokeMethod(TestInvoker.java:656)
	at org.testng.internal.TestInvoker.invokeTestMethod(TestInvoker.java:173)
	at org.testng.internal.MethodRunner.runInSequence(MethodRunner.java:46)
	at org.testng.internal.TestInvoker$MethodInvocationAgent.invoke(TestInvoker.java:824)
	at org.testng.internal.TestInvoker.invokeTestMethods(TestInvoker.java:146)
	at org.testng.internal.TestMethodWorker.invokeTestMethods(TestMethodWorker.java:146)
	at org.testng.internal.TestMethodWorker.run(TestMethodWorker.java:128)
	at java.base/java.util.ArrayList.forEach(ArrayList.java:1511)
	at org.testng.TestRunner.privateRun(TestRunner.java:794)
	at org.testng.TestRunner.run(TestRunner.java:596)
	at org.testng.SuiteRunner.runTest(SuiteRunner.java:377)
	at org.testng.SuiteRunner.runSequentially(SuiteRunner.java:371)
	at org.testng.SuiteRunner.privateRun(SuiteRunner.java:332)
	at org.testng.SuiteRunner.run(SuiteRunner.java:276)
	at org.testng.SuiteRunnerWorker.runSuite(SuiteRunnerWorker.java:53)
	at org.testng.SuiteRunnerWorker.run(SuiteRunnerWorker.java:96)
	at org.testng.TestNG.runSuitesSequentially(TestNG.java:1212)
	at org.testng.TestNG.runSuitesLocally(TestNG.java:1134)
	at org.testng.TestNG.runSuites(TestNG.java:1063)
	at org.testng.TestNG.run(TestNG.java:1031)
	at org.testng.remote.AbstractRemoteTestNG.run(AbstractRemoteTestNG.java:115)
	at org.testng.remote.RemoteTestNG.initAndRun(RemoteTestNG.java:251)
	at org.testng.remote.RemoteTestNG.main(RemoteTestNG.java:77)

2022-08-27 21:15:00 INFO  - I am in onFinish method Default test
2022-08-27 21:15:00 INFO  - Report closed 
2022-08-27 21:19:17 INFO  - I am in onStart method Default test
2022-08-27 21:19:17 INFO  - Updated environment details at /src/main/resources/environment.properties
2022-08-27 21:19:17 INFO  - Platform: windows 10  Windows_App: C:\Windows\System32\notepad.exe
2022-08-27 21:19:19 INFO  -   Windows_App: C:\Windows\System32\notepad.exe app launched succefully: 
2022-08-27 21:19:19 INFO  - Testcase started: searchItem
2022-08-27 21:19:19 INFO  - Check Element visible: By.name: Edit
2022-08-27 21:19:19 INFO  - Verify Edit tab is displayed --Pass
2022-08-27 21:19:22 INFO  - Click on Edit tab  --Pass
2022-08-27 21:21:32 INFO  - I am in onStart method Default test
2022-08-27 21:21:32 INFO  - Updated environment details at /src/main/resources/environment.properties
2022-08-27 21:21:33 INFO  - Platform: windows 10  Windows_App: C:\Windows\System32\notepad.exe
2022-08-27 21:21:34 INFO  -   Windows_App: C:\Windows\System32\notepad.exe app launched succefully: 
2022-08-27 21:21:34 INFO  - Testcase started: searchItem
2022-08-27 21:21:34 INFO  - Check Element visible: By.name: Edit
2022-08-27 21:21:34 INFO  - Verify Edit tab is displayed --Pass
2022-08-27 21:21:37 INFO  - Click on Edit tab  --Pass
2022-08-27 21:21:39 INFO  - Click on Timedate  --Pass
2022-08-27 21:22:21 INFO  - I am in onStart method Default test
2022-08-27 21:22:21 INFO  - Updated environment details at /src/main/resources/environment.properties
2022-08-27 21:22:21 INFO  - Platform: windows 10  Windows_App: C:\Windows\System32\notepad.exe
2022-08-27 21:22:22 INFO  -   Windows_App: C:\Windows\System32\notepad.exe app launched succefully: 
2022-08-27 21:22:22 INFO  - Testcase started: searchItem
2022-08-27 21:22:22 INFO  - Check Element visible: By.name: Edit
2022-08-27 21:22:23 INFO  - Verify Edit tab is displayed --Pass
2022-08-27 21:22:25 INFO  - Click on Edit tab  --Pass
2022-08-27 21:22:52 INFO  - Failed :org.openqa.selenium.NoSuchElementException: An element could not be located on the page using the given search parameters. (WARNING: The server did not provide any stacktrace information)
Command duration or timeout: 0 milliseconds
For documentation on this error, please visit: https://www.seleniumhq.org/exceptions/no_such_element.html
Build info: version: '3.141.59', revision: 'e82be7d358', time: '2018-11-14T08:17:03'
System info: host: 'DESKTOP-EJBO9TN', ip: '192.168.29.35', os.name: 'Windows 10', os.arch: 'amd64', os.version: '10.0', java.version: '15.0.1'
Driver info: io.appium.java_client.windows.WindowsDriver
Capabilities {app: C:\Windows\System32\notepad..., javascriptEnabled: true, platform: WINDOWS, platformName: Windows}
Session ID: 82FFA9B5-B4ED-456B-9055-C6537D0FD1C2
*** Element info: {Using=name, value=Time/Date}
	at java.base/jdk.internal.reflect.NativeConstructorAccessorImpl.newInstance0(Native Method)
	at java.base/jdk.internal.reflect.NativeConstructorAccessorImpl.newInstance(NativeConstructorAccessorImpl.java:64)
	at java.base/jdk.internal.reflect.DelegatingConstructorAccessorImpl.newInstance(DelegatingConstructorAccessorImpl.java:45)
	at java.base/java.lang.reflect.Constructor.newInstanceWithCaller(Constructor.java:500)
	at java.base/java.lang.reflect.Constructor.newInstance(Constructor.java:481)
	at org.openqa.selenium.remote.ErrorHandler.createThrowable(ErrorHandler.java:214)
	at org.openqa.selenium.remote.ErrorHandler.throwIfResponseFailed(ErrorHandler.java:166)
	at org.openqa.selenium.remote.http.JsonHttpResponseCodec.reconstructValue(JsonHttpResponseCodec.java:40)
	at org.openqa.selenium.remote.http.AbstractHttpResponseCodec.decode(AbstractHttpResponseCodec.java:80)
	at org.openqa.selenium.remote.http.AbstractHttpResponseCodec.decode(AbstractHttpResponseCodec.java:44)
	at org.openqa.selenium.remote.HttpCommandExecutor.execute(HttpCommandExecutor.java:158)
	at io.appium.java_client.remote.AppiumCommandExecutor.execute(AppiumCommandExecutor.java:239)
	at org.openqa.selenium.remote.RemoteWebDriver.execute(RemoteWebDriver.java:552)
	at io.appium.java_client.DefaultGenericMobileDriver.execute(DefaultGenericMobileDriver.java:41)
	at io.appium.java_client.AppiumDriver.execute(AppiumDriver.java:1)
	at io.appium.java_client.windows.WindowsDriver.execute(WindowsDriver.java:1)
	at org.openqa.selenium.remote.RemoteWebDriver.findElement(RemoteWebDriver.java:323)
	at io.appium.java_client.DefaultGenericMobileDriver.findElement(DefaultGenericMobileDriver.java:61)
	at io.appium.java_client.AppiumDriver.findElement(AppiumDriver.java:1)
	at io.appium.java_client.windows.WindowsDriver.findElement(WindowsDriver.java:1)
	at org.openqa.selenium.remote.RemoteWebDriver.findElementByName(RemoteWebDriver.java:404)
	at io.appium.java_client.DefaultGenericMobileDriver.findElementByName(DefaultGenericMobileDriver.java:117)
	at io.appium.java_client.AppiumDriver.findElementByName(AppiumDriver.java:1)
	at io.appium.java_client.windows.WindowsDriver.findElementByName(WindowsDriver.java:1)
	at org.openqa.selenium.By$ByName.findElement(By.java:284)
	at org.openqa.selenium.remote.RemoteWebDriver.findElement(RemoteWebDriver.java:315)
	at io.appium.java_client.DefaultGenericMobileDriver.findElement(DefaultGenericMobileDriver.java:57)
	at io.appium.java_client.AppiumDriver.findElement(AppiumDriver.java:1)
	at io.appium.java_client.windows.WindowsDriver.findElement(WindowsDriver.java:1)
	at controllers.BaseActions.getWebElement(BaseActions.java:318)
	at controllers.BaseActions.click(BaseActions.java:343)
	at com.smoke.Web.EditPage.enterDateTime(EditPage.java:34)
	at com.smoke.tests.FilesTest.searchItem(FilesTest.java:33)
	at java.base/jdk.internal.reflect.NativeMethodAccessorImpl.invoke0(Native Method)
	at java.base/jdk.internal.reflect.NativeMethodAccessorImpl.invoke(NativeMethodAccessorImpl.java:64)
	at java.base/jdk.internal.reflect.DelegatingMethodAccessorImpl.invoke(DelegatingMethodAccessorImpl.java:43)
	at java.base/java.lang.reflect.Method.invoke(Method.java:564)
	at org.testng.internal.MethodInvocationHelper.invokeMethod(MethodInvocationHelper.java:133)
	at org.testng.internal.TestInvoker.invokeMethod(TestInvoker.java:598)
	at org.testng.internal.TestInvoker.invokeTestMethod(TestInvoker.java:173)
	at org.testng.internal.MethodRunner.runInSequence(MethodRunner.java:46)
	at org.testng.internal.TestInvoker$MethodInvocationAgent.invoke(TestInvoker.java:824)
	at org.testng.internal.TestInvoker.invokeTestMethods(TestInvoker.java:146)
	at org.testng.internal.TestMethodWorker.invokeTestMethods(TestMethodWorker.java:146)
	at org.testng.internal.TestMethodWorker.run(TestMethodWorker.java:128)
	at java.base/java.util.ArrayList.forEach(ArrayList.java:1511)
	at org.testng.TestRunner.privateRun(TestRunner.java:794)
	at org.testng.TestRunner.run(TestRunner.java:596)
	at org.testng.SuiteRunner.runTest(SuiteRunner.java:377)
	at org.testng.SuiteRunner.runSequentially(SuiteRunner.java:371)
	at org.testng.SuiteRunner.privateRun(SuiteRunner.java:332)
	at org.testng.SuiteRunner.run(SuiteRunner.java:276)
	at org.testng.SuiteRunnerWorker.runSuite(SuiteRunnerWorker.java:53)
	at org.testng.SuiteRunnerWorker.run(SuiteRunnerWorker.java:96)
	at org.testng.TestNG.runSuitesSequentially(TestNG.java:1212)
	at org.testng.TestNG.runSuitesLocally(TestNG.java:1134)
	at org.testng.TestNG.runSuites(TestNG.java:1063)
	at org.testng.TestNG.run(TestNG.java:1031)
	at org.testng.remote.AbstractRemoteTestNG.run(AbstractRemoteTestNG.java:115)
	at org.testng.remote.RemoteTestNG.initAndRun(RemoteTestNG.java:251)
	at org.testng.remote.RemoteTestNG.main(RemoteTestNG.java:77)

2022-08-27 21:22:52 INFO  - Failed :java.lang.NullPointerException: Cannot invoke "Object.getClass()" because "driver" is null
	at org.openqa.selenium.remote.Augmenter.extractRemoteWebDriver(Augmenter.java:72)
	at org.openqa.selenium.remote.BaseAugmenter.augment(BaseAugmenter.java:96)
	at ru.yandex.qatools.ashot.shooting.SimpleShootingStrategy.getScreenshot(SimpleShootingStrategy.java:24)
	at ru.yandex.qatools.ashot.AShot.takeScreenshot(AShot.java:143)
	at controllers.BaseActions.takeScreenshot(BaseActions.java:1497)
	at listeners.CustomListener.onTestFailure(CustomListener.java:121)
	at org.testng.internal.TestListenerHelper.runTestListeners(TestListenerHelper.java:96)
	at org.testng.internal.TestInvoker.runTestResultListener(TestInvoker.java:219)
	at org.testng.internal.TestInvoker.invokeMethod(TestInvoker.java:656)
	at org.testng.internal.TestInvoker.invokeTestMethod(TestInvoker.java:173)
	at org.testng.internal.MethodRunner.runInSequence(MethodRunner.java:46)
	at org.testng.internal.TestInvoker$MethodInvocationAgent.invoke(TestInvoker.java:824)
	at org.testng.internal.TestInvoker.invokeTestMethods(TestInvoker.java:146)
	at org.testng.internal.TestMethodWorker.invokeTestMethods(TestMethodWorker.java:146)
	at org.testng.internal.TestMethodWorker.run(TestMethodWorker.java:128)
	at java.base/java.util.ArrayList.forEach(ArrayList.java:1511)
	at org.testng.TestRunner.privateRun(TestRunner.java:794)
	at org.testng.TestRunner.run(TestRunner.java:596)
	at org.testng.SuiteRunner.runTest(SuiteRunner.java:377)
	at org.testng.SuiteRunner.runSequentially(SuiteRunner.java:371)
	at org.testng.SuiteRunner.privateRun(SuiteRunner.java:332)
	at org.testng.SuiteRunner.run(SuiteRunner.java:276)
	at org.testng.SuiteRunnerWorker.runSuite(SuiteRunnerWorker.java:53)
	at org.testng.SuiteRunnerWorker.run(SuiteRunnerWorker.java:96)
	at org.testng.TestNG.runSuitesSequentially(TestNG.java:1212)
	at org.testng.TestNG.runSuitesLocally(TestNG.java:1134)
	at org.testng.TestNG.runSuites(TestNG.java:1063)
	at org.testng.TestNG.run(TestNG.java:1031)
	at org.testng.remote.AbstractRemoteTestNG.run(AbstractRemoteTestNG.java:115)
	at org.testng.remote.RemoteTestNG.initAndRun(RemoteTestNG.java:251)
	at org.testng.remote.RemoteTestNG.main(RemoteTestNG.java:77)

2022-08-27 21:22:53 INFO  - I am in onFinish method Default test
2022-08-27 21:22:53 INFO  - Report closed 
2022-08-27 21:23:20 INFO  - I am in onStart method Default test
2022-08-27 21:23:20 INFO  - Updated environment details at /src/main/resources/environment.properties
2022-08-27 21:23:21 INFO  - Platform: windows 10  Windows_App: C:\Windows\System32\notepad.exe
2022-08-27 21:23:22 INFO  -   Windows_App: C:\Windows\System32\notepad.exe app launched succefully: 
2022-08-27 21:23:22 INFO  - Testcase started: searchItem
2022-08-27 21:23:22 INFO  - Check Element visible: By.name: Edit
2022-08-27 21:23:22 INFO  - Verify Edit tab is displayed --Pass
2022-08-27 21:23:25 INFO  - Click on Edit tab  --Pass
2022-08-27 21:23:27 INFO  - Click on Timedate  --Pass
2022-08-27 21:23:28 INFO  - Selected all the data  --Pass
2022-08-27 21:23:28 INFO  - Deleted the data  --Pass
2022-08-27 21:23:57 INFO  - Failed :java.lang.ClassCastException: class org.openqa.selenium.remote.RemoteWebElement cannot be cast to class io.appium.java_client.windows.WindowsElement (org.openqa.selenium.remote.RemoteWebElement and io.appium.java_client.windows.WindowsElement are in unnamed module of loader 'app')
	at com.smoke.Web.FilePage.deleteAllData(FilePage.java:32)
	at com.smoke.tests.FilesTest.searchItem(FilesTest.java:35)
	at java.base/jdk.internal.reflect.NativeMethodAccessorImpl.invoke0(Native Method)
	at java.base/jdk.internal.reflect.NativeMethodAccessorImpl.invoke(NativeMethodAccessorImpl.java:64)
	at java.base/jdk.internal.reflect.DelegatingMethodAccessorImpl.invoke(DelegatingMethodAccessorImpl.java:43)
	at java.base/java.lang.reflect.Method.invoke(Method.java:564)
	at org.testng.internal.MethodInvocationHelper.invokeMethod(MethodInvocationHelper.java:133)
	at org.testng.internal.TestInvoker.invokeMethod(TestInvoker.java:598)
	at org.testng.internal.TestInvoker.invokeTestMethod(TestInvoker.java:173)
	at org.testng.internal.MethodRunner.runInSequence(MethodRunner.java:46)
	at org.testng.internal.TestInvoker$MethodInvocationAgent.invoke(TestInvoker.java:824)
	at org.testng.internal.TestInvoker.invokeTestMethods(TestInvoker.java:146)
	at org.testng.internal.TestMethodWorker.invokeTestMethods(TestMethodWorker.java:146)
	at org.testng.internal.TestMethodWorker.run(TestMethodWorker.java:128)
	at java.base/java.util.ArrayList.forEach(ArrayList.java:1511)
	at org.testng.TestRunner.privateRun(TestRunner.java:794)
	at org.testng.TestRunner.run(TestRunner.java:596)
	at org.testng.SuiteRunner.runTest(SuiteRunner.java:377)
	at org.testng.SuiteRunner.runSequentially(SuiteRunner.java:371)
	at org.testng.SuiteRunner.privateRun(SuiteRunner.java:332)
	at org.testng.SuiteRunner.run(SuiteRunner.java:276)
	at org.testng.SuiteRunnerWorker.runSuite(SuiteRunnerWorker.java:53)
	at org.testng.SuiteRunnerWorker.run(SuiteRunnerWorker.java:96)
	at org.testng.TestNG.runSuitesSequentially(TestNG.java:1212)
	at org.testng.TestNG.runSuitesLocally(TestNG.java:1134)
	at org.testng.TestNG.runSuites(TestNG.java:1063)
	at org.testng.TestNG.run(TestNG.java:1031)
	at org.testng.remote.AbstractRemoteTestNG.run(AbstractRemoteTestNG.java:115)
	at org.testng.remote.RemoteTestNG.initAndRun(RemoteTestNG.java:251)
	at org.testng.remote.RemoteTestNG.main(RemoteTestNG.java:77)

2022-08-27 21:24:22 INFO  - Failed :java.lang.NullPointerException: Cannot invoke "Object.getClass()" because "driver" is null
	at org.openqa.selenium.remote.Augmenter.extractRemoteWebDriver(Augmenter.java:72)
	at org.openqa.selenium.remote.BaseAugmenter.augment(BaseAugmenter.java:96)
	at ru.yandex.qatools.ashot.shooting.SimpleShootingStrategy.getScreenshot(SimpleShootingStrategy.java:24)
	at ru.yandex.qatools.ashot.AShot.takeScreenshot(AShot.java:143)
	at controllers.BaseActions.takeScreenshot(BaseActions.java:1497)
	at listeners.CustomListener.onTestFailure(CustomListener.java:121)
	at org.testng.internal.TestListenerHelper.runTestListeners(TestListenerHelper.java:96)
	at org.testng.internal.TestInvoker.runTestResultListener(TestInvoker.java:219)
	at org.testng.internal.TestInvoker.invokeMethod(TestInvoker.java:656)
	at org.testng.internal.TestInvoker.invokeTestMethod(TestInvoker.java:173)
	at org.testng.internal.MethodRunner.runInSequence(MethodRunner.java:46)
	at org.testng.internal.TestInvoker$MethodInvocationAgent.invoke(TestInvoker.java:824)
	at org.testng.internal.TestInvoker.invokeTestMethods(TestInvoker.java:146)
	at org.testng.internal.TestMethodWorker.invokeTestMethods(TestMethodWorker.java:146)
	at org.testng.internal.TestMethodWorker.run(TestMethodWorker.java:128)
	at java.base/java.util.ArrayList.forEach(ArrayList.java:1511)
	at org.testng.TestRunner.privateRun(TestRunner.java:794)
	at org.testng.TestRunner.run(TestRunner.java:596)
	at org.testng.SuiteRunner.runTest(SuiteRunner.java:377)
	at org.testng.SuiteRunner.runSequentially(SuiteRunner.java:371)
	at org.testng.SuiteRunner.privateRun(SuiteRunner.java:332)
	at org.testng.SuiteRunner.run(SuiteRunner.java:276)
	at org.testng.SuiteRunnerWorker.runSuite(SuiteRunnerWorker.java:53)
	at org.testng.SuiteRunnerWorker.run(SuiteRunnerWorker.java:96)
	at org.testng.TestNG.runSuitesSequentially(TestNG.java:1212)
	at org.testng.TestNG.runSuitesLocally(TestNG.java:1134)
	at org.testng.TestNG.runSuites(TestNG.java:1063)
	at org.testng.TestNG.run(TestNG.java:1031)
	at org.testng.remote.AbstractRemoteTestNG.run(AbstractRemoteTestNG.java:115)
	at org.testng.remote.RemoteTestNG.initAndRun(RemoteTestNG.java:251)
	at org.testng.remote.RemoteTestNG.main(RemoteTestNG.java:77)

2022-08-27 21:24:24 INFO  - I am in onFinish method Default test
2022-08-27 21:24:30 INFO  - Report closed 
2022-08-27 21:30:06 INFO  - I am in onStart method Default test
2022-08-27 21:30:06 INFO  - Updated environment details at /src/main/resources/environment.properties
2022-08-27 21:30:07 INFO  - Platform: windows 10  Windows_App: C:\Windows\System32\notepad.exe
2022-08-27 21:30:08 INFO  -   Windows_App: C:\Windows\System32\notepad.exe app launched succefully: 
2022-08-27 21:30:08 INFO  - Testcase started: searchItem
2022-08-27 21:30:08 INFO  - Check Element visible: By.name: Edit
2022-08-27 21:30:08 INFO  - Verify Edit tab is displayed --Pass
2022-08-27 21:30:11 INFO  - Click on Edit tab  --Pass
2022-08-27 21:30:13 INFO  - Click on Timedate  --Pass
2022-08-27 21:30:13 INFO  - Selected all the data  --Pass
2022-08-27 21:30:16 INFO  - Failed :java.lang.ClassCastException: class org.openqa.selenium.remote.RemoteWebElement cannot be cast to class io.appium.java_client.windows.WindowsElement (org.openqa.selenium.remote.RemoteWebElement and io.appium.java_client.windows.WindowsElement are in unnamed module of loader 'app')
	at com.smoke.Web.FilePage.deleteAllData(FilePage.java:32)
	at com.smoke.tests.FilesTest.searchItem(FilesTest.java:35)
	at java.base/jdk.internal.reflect.NativeMethodAccessorImpl.invoke0(Native Method)
	at java.base/jdk.internal.reflect.NativeMethodAccessorImpl.invoke(NativeMethodAccessorImpl.java:64)
	at java.base/jdk.internal.reflect.DelegatingMethodAccessorImpl.invoke(DelegatingMethodAccessorImpl.java:43)
	at java.base/java.lang.reflect.Method.invoke(Method.java:564)
	at org.testng.internal.MethodInvocationHelper.invokeMethod(MethodInvocationHelper.java:133)
	at org.testng.internal.TestInvoker.invokeMethod(TestInvoker.java:598)
	at org.testng.internal.TestInvoker.invokeTestMethod(TestInvoker.java:173)
	at org.testng.internal.MethodRunner.runInSequence(MethodRunner.java:46)
	at org.testng.internal.TestInvoker$MethodInvocationAgent.invoke(TestInvoker.java:824)
	at org.testng.internal.TestInvoker.invokeTestMethods(TestInvoker.java:146)
	at org.testng.internal.TestMethodWorker.invokeTestMethods(TestMethodWorker.java:146)
	at org.testng.internal.TestMethodWorker.run(TestMethodWorker.java:128)
	at java.base/java.util.ArrayList.forEach(ArrayList.java:1511)
	at org.testng.TestRunner.privateRun(TestRunner.java:794)
	at org.testng.TestRunner.run(TestRunner.java:596)
	at org.testng.SuiteRunner.runTest(SuiteRunner.java:377)
	at org.testng.SuiteRunner.runSequentially(SuiteRunner.java:371)
	at org.testng.SuiteRunner.privateRun(SuiteRunner.java:332)
	at org.testng.SuiteRunner.run(SuiteRunner.java:276)
	at org.testng.SuiteRunnerWorker.runSuite(SuiteRunnerWorker.java:53)
	at org.testng.SuiteRunnerWorker.run(SuiteRunnerWorker.java:96)
	at org.testng.TestNG.runSuitesSequentially(TestNG.java:1212)
	at org.testng.TestNG.runSuitesLocally(TestNG.java:1134)
	at org.testng.TestNG.runSuites(TestNG.java:1063)
	at org.testng.TestNG.run(TestNG.java:1031)
	at org.testng.remote.AbstractRemoteTestNG.run(AbstractRemoteTestNG.java:115)
	at org.testng.remote.RemoteTestNG.initAndRun(RemoteTestNG.java:251)
	at org.testng.remote.RemoteTestNG.main(RemoteTestNG.java:77)

2022-08-27 21:30:16 INFO  - Failed :java.lang.NullPointerException: Cannot invoke "Object.getClass()" because "driver" is null
	at org.openqa.selenium.remote.Augmenter.extractRemoteWebDriver(Augmenter.java:72)
	at org.openqa.selenium.remote.BaseAugmenter.augment(BaseAugmenter.java:96)
	at ru.yandex.qatools.ashot.shooting.SimpleShootingStrategy.getScreenshot(SimpleShootingStrategy.java:24)
	at ru.yandex.qatools.ashot.AShot.takeScreenshot(AShot.java:143)
	at controllers.BaseActions.takeScreenshot(BaseActions.java:1497)
	at listeners.CustomListener.onTestFailure(CustomListener.java:121)
	at org.testng.internal.TestListenerHelper.runTestListeners(TestListenerHelper.java:96)
	at org.testng.internal.TestInvoker.runTestResultListener(TestInvoker.java:219)
	at org.testng.internal.TestInvoker.invokeMethod(TestInvoker.java:656)
	at org.testng.internal.TestInvoker.invokeTestMethod(TestInvoker.java:173)
	at org.testng.internal.MethodRunner.runInSequence(MethodRunner.java:46)
	at org.testng.internal.TestInvoker$MethodInvocationAgent.invoke(TestInvoker.java:824)
	at org.testng.internal.TestInvoker.invokeTestMethods(TestInvoker.java:146)
	at org.testng.internal.TestMethodWorker.invokeTestMethods(TestMethodWorker.java:146)
	at org.testng.internal.TestMethodWorker.run(TestMethodWorker.java:128)
	at java.base/java.util.ArrayList.forEach(ArrayList.java:1511)
	at org.testng.TestRunner.privateRun(TestRunner.java:794)
	at org.testng.TestRunner.run(TestRunner.java:596)
	at org.testng.SuiteRunner.runTest(SuiteRunner.java:377)
	at org.testng.SuiteRunner.runSequentially(SuiteRunner.java:371)
	at org.testng.SuiteRunner.privateRun(SuiteRunner.java:332)
	at org.testng.SuiteRunner.run(SuiteRunner.java:276)
	at org.testng.SuiteRunnerWorker.runSuite(SuiteRunnerWorker.java:53)
	at org.testng.SuiteRunnerWorker.run(SuiteRunnerWorker.java:96)
	at org.testng.TestNG.runSuitesSequentially(TestNG.java:1212)
	at org.testng.TestNG.runSuitesLocally(TestNG.java:1134)
	at org.testng.TestNG.runSuites(TestNG.java:1063)
	at org.testng.TestNG.run(TestNG.java:1031)
	at org.testng.remote.AbstractRemoteTestNG.run(AbstractRemoteTestNG.java:115)
	at org.testng.remote.RemoteTestNG.initAndRun(RemoteTestNG.java:251)
	at org.testng.remote.RemoteTestNG.main(RemoteTestNG.java:77)

2022-08-27 21:30:16 INFO  - I am in onFinish method Default test
2022-08-27 21:30:16 INFO  - Report closed 
2022-08-27 21:32:14 INFO  - I am in onStart method Default test
2022-08-27 21:32:14 INFO  - Updated environment details at /src/main/resources/environment.properties
2022-08-27 21:32:14 INFO  - Platform: windows 10  Windows_App: C:\Windows\System32\notepad.exe
2022-08-27 21:32:15 INFO  -   Windows_App: C:\Windows\System32\notepad.exe app launched succefully: 
2022-08-27 21:32:15 INFO  - Testcase started: searchItem
2022-08-27 21:32:15 INFO  - Check Element visible: By.name: Edit
2022-08-27 21:32:16 INFO  - Verify Edit tab is displayed --Pass
2022-08-27 21:32:18 INFO  - Click on Edit tab  --Pass
2022-08-27 21:32:21 INFO  - Click on Timedate  --Pass
2022-08-27 21:32:21 INFO  - Selected all the data  --Pass
2022-08-27 21:32:23 INFO  - Deleted the data  --Pass
2022-08-27 21:32:53 INFO  - Failed :java.lang.NullPointerException: Cannot invoke "io.appium.java_client.windows.WindowsDriver.close()" because "this.win_driver" is null
	at listeners.CustomListener.onTestSuccess(CustomListener.java:104)
	at org.testng.internal.TestListenerHelper.runTestListeners(TestListenerHelper.java:100)
	at org.testng.internal.TestInvoker.runTestResultListener(TestInvoker.java:219)
	at org.testng.internal.TestInvoker.invokeMethod(TestInvoker.java:656)
	at org.testng.internal.TestInvoker.invokeTestMethod(TestInvoker.java:173)
	at org.testng.internal.MethodRunner.runInSequence(MethodRunner.java:46)
	at org.testng.internal.TestInvoker$MethodInvocationAgent.invoke(TestInvoker.java:824)
	at org.testng.internal.TestInvoker.invokeTestMethods(TestInvoker.java:146)
	at org.testng.internal.TestMethodWorker.invokeTestMethods(TestMethodWorker.java:146)
	at org.testng.internal.TestMethodWorker.run(TestMethodWorker.java:128)
	at java.base/java.util.ArrayList.forEach(ArrayList.java:1511)
	at org.testng.TestRunner.privateRun(TestRunner.java:794)
	at org.testng.TestRunner.run(TestRunner.java:596)
	at org.testng.SuiteRunner.runTest(SuiteRunner.java:377)
	at org.testng.SuiteRunner.runSequentially(SuiteRunner.java:371)
	at org.testng.SuiteRunner.privateRun(SuiteRunner.java:332)
	at org.testng.SuiteRunner.run(SuiteRunner.java:276)
	at org.testng.SuiteRunnerWorker.runSuite(SuiteRunnerWorker.java:53)
	at org.testng.SuiteRunnerWorker.run(SuiteRunnerWorker.java:96)
	at org.testng.TestNG.runSuitesSequentially(TestNG.java:1212)
	at org.testng.TestNG.runSuitesLocally(TestNG.java:1134)
	at org.testng.TestNG.runSuites(TestNG.java:1063)
	at org.testng.TestNG.run(TestNG.java:1031)
	at org.testng.remote.AbstractRemoteTestNG.run(AbstractRemoteTestNG.java:115)
	at org.testng.remote.RemoteTestNG.initAndRun(RemoteTestNG.java:251)
	at org.testng.remote.RemoteTestNG.main(RemoteTestNG.java:77)

2022-08-27 21:32:59 INFO  - I am in onFinish method Default test
2022-08-27 21:32:59 INFO  - Report closed 
2022-08-27 21:38:59 INFO  - I am in onStart method Default test
2022-08-27 21:38:59 INFO  - Updated environment details at /src/main/resources/environment.properties
2022-08-27 21:39:00 INFO  - Platform: windows 10  Windows_App: C:\Windows\System32\notepad.exe
2022-08-27 21:39:01 INFO  -   Windows_App: C:\Windows\System32\notepad.exe app launched succefully: 
2022-08-27 21:39:01 INFO  - Testcase started: searchItem
2022-08-27 21:39:01 INFO  - Check Element visible: By.name: Edit
2022-08-27 21:39:01 INFO  - Verify Edit tab is displayed --Pass
2022-08-27 21:39:04 INFO  - Click on Edit tab  --Pass
2022-08-27 21:39:06 INFO  - Click on Timedate  --Pass
2022-08-27 21:39:06 INFO  - Selected all the data  --Pass
2022-08-27 21:39:11 INFO  - Passed: Test passed : searchItem
2022-08-27 21:39:47 INFO  - Failed :Test failed : searchItem
2022-08-27 21:39:47 INFO  - Failed :java.lang.NullPointerException: Cannot invoke "io.appium.java_client.windows.WindowsDriver.close()" because "this.win_driver" is null
	at listeners.CustomListener.onTestSuccess(CustomListener.java:106)
	at org.testng.internal.TestListenerHelper.runTestListeners(TestListenerHelper.java:100)
	at org.testng.internal.TestInvoker.runTestResultListener(TestInvoker.java:219)
	at org.testng.internal.TestInvoker.invokeMethod(TestInvoker.java:656)
	at org.testng.internal.TestInvoker.invokeTestMethod(TestInvoker.java:173)
	at org.testng.internal.MethodRunner.runInSequence(MethodRunner.java:46)
	at org.testng.internal.TestInvoker$MethodInvocationAgent.invoke(TestInvoker.java:824)
	at org.testng.internal.TestInvoker.invokeTestMethods(TestInvoker.java:146)
	at org.testng.internal.TestMethodWorker.invokeTestMethods(TestMethodWorker.java:146)
	at org.testng.internal.TestMethodWorker.run(TestMethodWorker.java:128)
	at java.base/java.util.ArrayList.forEach(ArrayList.java:1511)
	at org.testng.TestRunner.privateRun(TestRunner.java:794)
	at org.testng.TestRunner.run(TestRunner.java:596)
	at org.testng.SuiteRunner.runTest(SuiteRunner.java:377)
	at org.testng.SuiteRunner.runSequentially(SuiteRunner.java:371)
	at org.testng.SuiteRunner.privateRun(SuiteRunner.java:332)
	at org.testng.SuiteRunner.run(SuiteRunner.java:276)
	at org.testng.SuiteRunnerWorker.runSuite(SuiteRunnerWorker.java:53)
	at org.testng.SuiteRunnerWorker.run(SuiteRunnerWorker.java:96)
	at org.testng.TestNG.runSuitesSequentially(TestNG.java:1212)
	at org.testng.TestNG.runSuitesLocally(TestNG.java:1134)
	at org.testng.TestNG.runSuites(TestNG.java:1063)
	at org.testng.TestNG.run(TestNG.java:1031)
	at org.testng.remote.AbstractRemoteTestNG.run(AbstractRemoteTestNG.java:115)
	at org.testng.remote.RemoteTestNG.initAndRun(RemoteTestNG.java:251)
	at org.testng.remote.RemoteTestNG.main(RemoteTestNG.java:77)

2022-08-27 21:39:49 INFO  - I am in onFinish method Default test
2022-08-27 21:39:49 INFO  - Report closed 
2022-08-27 21:42:56 INFO  - I am in onStart method Default test
2022-08-27 21:42:56 INFO  - Updated environment details at /src/main/resources/environment.properties
2022-08-27 21:42:56 INFO  - Platform: windows 10  Windows_App: C:\Windows\System32\notepad.exe
2022-08-27 21:42:58 INFO  -   Windows_App: C:\Windows\System32\notepad.exe app launched succefully: 
2022-08-27 21:42:58 INFO  - Testcase started: searchItem
2022-08-27 21:42:58 INFO  - Check Element visible: By.name: Edit
2022-08-27 21:42:58 INFO  - Verify Edit tab is displayed --Pass
2022-08-27 21:43:01 INFO  - Click on Edit tab  --Pass
2022-08-27 21:43:03 INFO  - Click on Timedate  --Pass
2022-08-27 21:43:03 INFO  - Selected all the data  --Pass
2022-08-27 21:43:18 INFO  - Failed :java.lang.NullPointerException: Cannot invoke "io.appium.java_client.windows.WindowsDriver.close()" because the return value of "listeners.CustomListener.getWinDriver()" is null
	at listeners.CustomListener.onTestSuccess(CustomListener.java:106)
	at org.testng.internal.TestListenerHelper.runTestListeners(TestListenerHelper.java:100)
	at org.testng.internal.TestInvoker.runTestResultListener(TestInvoker.java:219)
	at org.testng.internal.TestInvoker.invokeMethod(TestInvoker.java:656)
	at org.testng.internal.TestInvoker.invokeTestMethod(TestInvoker.java:173)
	at org.testng.internal.MethodRunner.runInSequence(MethodRunner.java:46)
	at org.testng.internal.TestInvoker$MethodInvocationAgent.invoke(TestInvoker.java:824)
	at org.testng.internal.TestInvoker.invokeTestMethods(TestInvoker.java:146)
	at org.testng.internal.TestMethodWorker.invokeTestMethods(TestMethodWorker.java:146)
	at org.testng.internal.TestMethodWorker.run(TestMethodWorker.java:128)
	at java.base/java.util.ArrayList.forEach(ArrayList.java:1511)
	at org.testng.TestRunner.privateRun(TestRunner.java:794)
	at org.testng.TestRunner.run(TestRunner.java:596)
	at org.testng.SuiteRunner.runTest(SuiteRunner.java:377)
	at org.testng.SuiteRunner.runSequentially(SuiteRunner.java:371)
	at org.testng.SuiteRunner.privateRun(SuiteRunner.java:332)
	at org.testng.SuiteRunner.run(SuiteRunner.java:276)
	at org.testng.SuiteRunnerWorker.runSuite(SuiteRunnerWorker.java:53)
	at org.testng.SuiteRunnerWorker.run(SuiteRunnerWorker.java:96)
	at org.testng.TestNG.runSuitesSequentially(TestNG.java:1212)
	at org.testng.TestNG.runSuitesLocally(TestNG.java:1134)
	at org.testng.TestNG.runSuites(TestNG.java:1063)
	at org.testng.TestNG.run(TestNG.java:1031)
	at org.testng.remote.AbstractRemoteTestNG.run(AbstractRemoteTestNG.java:115)
	at org.testng.remote.RemoteTestNG.initAndRun(RemoteTestNG.java:251)
	at org.testng.remote.RemoteTestNG.main(RemoteTestNG.java:77)

2022-08-27 21:43:25 INFO  - I am in onFinish method Default test
2022-08-27 21:43:25 INFO  - Report closed 
2022-08-27 21:44:28 INFO  - I am in onStart method Default test
2022-08-27 21:44:28 INFO  - Updated environment details at /src/main/resources/environment.properties
2022-08-27 21:44:29 INFO  - Platform: windows 10  Windows_App: C:\Windows\System32\notepad.exe
2022-08-27 21:44:29 INFO  -   Windows_App: C:\Windows\System32\notepad.exe app launched succefully: 
2022-08-27 21:44:29 INFO  - Testcase started: searchItem
2022-08-27 21:44:30 INFO  - Check Element visible: By.name: Edit
2022-08-27 21:44:30 INFO  - Verify Edit tab is displayed --Pass
2022-08-27 21:44:32 INFO  - Click on Edit tab  --Pass
2022-08-27 21:44:35 INFO  - Click on Timedate  --Pass
2022-08-27 21:44:35 INFO  - Selected all the data  --Pass
2022-08-27 21:44:39 INFO  - Failed :java.lang.NullPointerException: Cannot invoke "io.appium.java_client.windows.WindowsDriver.close()" because the return value of "listeners.CustomListener.getWinDriver()" is null
	at listeners.CustomListener.onTestSuccess(CustomListener.java:106)
	at org.testng.internal.TestListenerHelper.runTestListeners(TestListenerHelper.java:100)
	at org.testng.internal.TestInvoker.runTestResultListener(TestInvoker.java:219)
	at org.testng.internal.TestInvoker.invokeMethod(TestInvoker.java:656)
	at org.testng.internal.TestInvoker.invokeTestMethod(TestInvoker.java:173)
	at org.testng.internal.MethodRunner.runInSequence(MethodRunner.java:46)
	at org.testng.internal.TestInvoker$MethodInvocationAgent.invoke(TestInvoker.java:824)
	at org.testng.internal.TestInvoker.invokeTestMethods(TestInvoker.java:146)
	at org.testng.internal.TestMethodWorker.invokeTestMethods(TestMethodWorker.java:146)
	at org.testng.internal.TestMethodWorker.run(TestMethodWorker.java:128)
	at java.base/java.util.ArrayList.forEach(ArrayList.java:1511)
	at org.testng.TestRunner.privateRun(TestRunner.java:794)
	at org.testng.TestRunner.run(TestRunner.java:596)
	at org.testng.SuiteRunner.runTest(SuiteRunner.java:377)
	at org.testng.SuiteRunner.runSequentially(SuiteRunner.java:371)
	at org.testng.SuiteRunner.privateRun(SuiteRunner.java:332)
	at org.testng.SuiteRunner.run(SuiteRunner.java:276)
	at org.testng.SuiteRunnerWorker.runSuite(SuiteRunnerWorker.java:53)
	at org.testng.SuiteRunnerWorker.run(SuiteRunnerWorker.java:96)
	at org.testng.TestNG.runSuitesSequentially(TestNG.java:1212)
	at org.testng.TestNG.runSuitesLocally(TestNG.java:1134)
	at org.testng.TestNG.runSuites(TestNG.java:1063)
	at org.testng.TestNG.run(TestNG.java:1031)
	at org.testng.remote.AbstractRemoteTestNG.run(AbstractRemoteTestNG.java:115)
	at org.testng.remote.RemoteTestNG.initAndRun(RemoteTestNG.java:251)
	at org.testng.remote.RemoteTestNG.main(RemoteTestNG.java:77)

2022-08-27 21:44:39 INFO  - I am in onFinish method Default test
2022-08-27 21:44:39 INFO  - Report closed 
2022-08-27 21:50:09 INFO  - I am in onStart method Default test
2022-08-27 21:50:09 INFO  - Updated environment details at /src/main/resources/environment.properties
2022-08-27 21:50:09 INFO  - Platform: windows 10  Windows_App: C:\Windows\System32\notepad.exe
2022-08-27 21:50:10 INFO  -   Windows_App: C:\Windows\System32\notepad.exe app launched succefully: 
2022-08-27 21:50:10 INFO  - Testcase started: searchItem
2022-08-27 21:50:10 INFO  - Check Element visible: By.name: Edit
2022-08-27 21:50:10 INFO  - Verify Edit tab is displayed --Pass
2022-08-27 21:50:13 INFO  - Click on Edit tab  --Pass
2022-08-27 21:50:15 INFO  - Click on Timedate  --Pass
2022-08-27 21:50:16 INFO  - Selected all the data  --Pass
2022-08-27 21:50:20 INFO  - Failed :java.lang.NullPointerException: Cannot invoke "io.appium.java_client.windows.WindowsDriver.close()" because the return value of "listeners.CustomListener.getWinDriver()" is null
	at listeners.CustomListener.onTestSuccess(CustomListener.java:106)
	at org.testng.internal.TestListenerHelper.runTestListeners(TestListenerHelper.java:100)
	at org.testng.internal.TestInvoker.runTestResultListener(TestInvoker.java:219)
	at org.testng.internal.TestInvoker.invokeMethod(TestInvoker.java:656)
	at org.testng.internal.TestInvoker.invokeTestMethod(TestInvoker.java:173)
	at org.testng.internal.MethodRunner.runInSequence(MethodRunner.java:46)
	at org.testng.internal.TestInvoker$MethodInvocationAgent.invoke(TestInvoker.java:824)
	at org.testng.internal.TestInvoker.invokeTestMethods(TestInvoker.java:146)
	at org.testng.internal.TestMethodWorker.invokeTestMethods(TestMethodWorker.java:146)
	at org.testng.internal.TestMethodWorker.run(TestMethodWorker.java:128)
	at java.base/java.util.ArrayList.forEach(ArrayList.java:1511)
	at org.testng.TestRunner.privateRun(TestRunner.java:794)
	at org.testng.TestRunner.run(TestRunner.java:596)
	at org.testng.SuiteRunner.runTest(SuiteRunner.java:377)
	at org.testng.SuiteRunner.runSequentially(SuiteRunner.java:371)
	at org.testng.SuiteRunner.privateRun(SuiteRunner.java:332)
	at org.testng.SuiteRunner.run(SuiteRunner.java:276)
	at org.testng.SuiteRunnerWorker.runSuite(SuiteRunnerWorker.java:53)
	at org.testng.SuiteRunnerWorker.run(SuiteRunnerWorker.java:96)
	at org.testng.TestNG.runSuitesSequentially(TestNG.java:1212)
	at org.testng.TestNG.runSuitesLocally(TestNG.java:1134)
	at org.testng.TestNG.runSuites(TestNG.java:1063)
	at org.testng.TestNG.run(TestNG.java:1031)
	at org.testng.remote.AbstractRemoteTestNG.run(AbstractRemoteTestNG.java:115)
	at org.testng.remote.RemoteTestNG.initAndRun(RemoteTestNG.java:251)
	at org.testng.remote.RemoteTestNG.main(RemoteTestNG.java:77)

2022-08-27 21:50:20 INFO  - I am in onFinish method Default test
2022-08-27 21:50:20 INFO  - Report closed 
2022-08-27 21:54:28 INFO  - I am in onStart method Default test
2022-08-27 21:54:28 INFO  - Updated environment details at /src/main/resources/environment.properties
2022-08-27 21:54:28 INFO  - Platform: windows 10  Windows_App: C:\Windows\System32\notepad.exe
2022-08-27 21:54:30 INFO  -   Windows_App: C:\Windows\System32\notepad.exe app launched succefully: 
2022-08-27 21:54:30 INFO  - Testcase started: searchItem
2022-08-27 21:54:30 INFO  - Check Element visible: By.name: Edit
2022-08-27 21:54:30 INFO  - Verify Edit tab is displayed --Pass
2022-08-27 21:54:33 INFO  - Click on Edit tab  --Pass
2022-08-27 21:54:35 INFO  - Click on Timedate  --Pass
2022-08-27 21:54:36 INFO  - Selected all the data  --Pass
2022-08-27 21:54:40 INFO  - I am in onFinish method Default test
2022-08-27 21:54:41 INFO  - Report closed 
2022-08-27 21:56:04 INFO  - I am in onStart method Default test
2022-08-27 21:56:04 INFO  - Updated environment details at /src/main/resources/environment.properties
2022-08-27 21:56:05 INFO  - Platform: windows 10  Windows_App: C:\Windows\System32\notepad.exe
2022-08-27 21:56:06 INFO  -   Windows_App: C:\Windows\System32\notepad.exe app launched succefully: 
2022-08-27 21:56:06 INFO  - Testcase started: searchItem
2022-08-27 21:56:06 INFO  - Check Element visible: By.name: Edit
2022-08-27 21:56:06 INFO  - Verify Edit tab is displayed --Pass
2022-08-27 21:56:09 INFO  - Click on Edit tab  --Pass
2022-08-27 21:56:11 INFO  - Click on Timedate  --Pass
2022-08-27 21:56:11 INFO  - Selected all the data  --Pass
2022-08-27 21:56:16 INFO  - Failed :java.lang.AssertionError: null
	at org.testng.Assert.fail(Assert.java:99)
	at org.testng.Assert.fail(Assert.java:106)
	at com.smoke.tests.FilesTest.searchItem(FilesTest.java:36)
	at java.base/jdk.internal.reflect.NativeMethodAccessorImpl.invoke0(Native Method)
	at java.base/jdk.internal.reflect.NativeMethodAccessorImpl.invoke(NativeMethodAccessorImpl.java:64)
	at java.base/jdk.internal.reflect.DelegatingMethodAccessorImpl.invoke(DelegatingMethodAccessorImpl.java:43)
	at java.base/java.lang.reflect.Method.invoke(Method.java:564)
	at org.testng.internal.MethodInvocationHelper.invokeMethod(MethodInvocationHelper.java:133)
	at org.testng.internal.TestInvoker.invokeMethod(TestInvoker.java:598)
	at org.testng.internal.TestInvoker.invokeTestMethod(TestInvoker.java:173)
	at org.testng.internal.MethodRunner.runInSequence(MethodRunner.java:46)
	at org.testng.internal.TestInvoker$MethodInvocationAgent.invoke(TestInvoker.java:824)
	at org.testng.internal.TestInvoker.invokeTestMethods(TestInvoker.java:146)
	at org.testng.internal.TestMethodWorker.invokeTestMethods(TestMethodWorker.java:146)
	at org.testng.internal.TestMethodWorker.run(TestMethodWorker.java:128)
	at java.base/java.util.ArrayList.forEach(ArrayList.java:1511)
	at org.testng.TestRunner.privateRun(TestRunner.java:794)
	at org.testng.TestRunner.run(TestRunner.java:596)
	at org.testng.SuiteRunner.runTest(SuiteRunner.java:377)
	at org.testng.SuiteRunner.runSequentially(SuiteRunner.java:371)
	at org.testng.SuiteRunner.privateRun(SuiteRunner.java:332)
	at org.testng.SuiteRunner.run(SuiteRunner.java:276)
	at org.testng.SuiteRunnerWorker.runSuite(SuiteRunnerWorker.java:53)
	at org.testng.SuiteRunnerWorker.run(SuiteRunnerWorker.java:96)
	at org.testng.TestNG.runSuitesSequentially(TestNG.java:1212)
	at org.testng.TestNG.runSuitesLocally(TestNG.java:1134)
	at org.testng.TestNG.runSuites(TestNG.java:1063)
	at org.testng.TestNG.run(TestNG.java:1031)
	at org.testng.remote.AbstractRemoteTestNG.run(AbstractRemoteTestNG.java:115)
	at org.testng.remote.RemoteTestNG.initAndRun(RemoteTestNG.java:251)
	at org.testng.remote.RemoteTestNG.main(RemoteTestNG.java:77)

2022-08-27 21:56:16 INFO  - Failed :java.lang.NullPointerException: Cannot invoke "Object.getClass()" because "driver" is null
	at org.openqa.selenium.remote.Augmenter.extractRemoteWebDriver(Augmenter.java:72)
	at org.openqa.selenium.remote.BaseAugmenter.augment(BaseAugmenter.java:96)
	at ru.yandex.qatools.ashot.shooting.SimpleShootingStrategy.getScreenshot(SimpleShootingStrategy.java:24)
	at ru.yandex.qatools.ashot.AShot.takeScreenshot(AShot.java:143)
	at controllers.BaseActions.takeScreenshot(BaseActions.java:1502)
	at listeners.CustomListener.onTestFailure(CustomListener.java:124)
	at org.testng.internal.TestListenerHelper.runTestListeners(TestListenerHelper.java:96)
	at org.testng.internal.TestInvoker.runTestResultListener(TestInvoker.java:219)
	at org.testng.internal.TestInvoker.invokeMethod(TestInvoker.java:656)
	at org.testng.internal.TestInvoker.invokeTestMethod(TestInvoker.java:173)
	at org.testng.internal.MethodRunner.runInSequence(MethodRunner.java:46)
	at org.testng.internal.TestInvoker$MethodInvocationAgent.invoke(TestInvoker.java:824)
	at org.testng.internal.TestInvoker.invokeTestMethods(TestInvoker.java:146)
	at org.testng.internal.TestMethodWorker.invokeTestMethods(TestMethodWorker.java:146)
	at org.testng.internal.TestMethodWorker.run(TestMethodWorker.java:128)
	at java.base/java.util.ArrayList.forEach(ArrayList.java:1511)
	at org.testng.TestRunner.privateRun(TestRunner.java:794)
	at org.testng.TestRunner.run(TestRunner.java:596)
	at org.testng.SuiteRunner.runTest(SuiteRunner.java:377)
	at org.testng.SuiteRunner.runSequentially(SuiteRunner.java:371)
	at org.testng.SuiteRunner.privateRun(SuiteRunner.java:332)
	at org.testng.SuiteRunner.run(SuiteRunner.java:276)
	at org.testng.SuiteRunnerWorker.runSuite(SuiteRunnerWorker.java:53)
	at org.testng.SuiteRunnerWorker.run(SuiteRunnerWorker.java:96)
	at org.testng.TestNG.runSuitesSequentially(TestNG.java:1212)
	at org.testng.TestNG.runSuitesLocally(TestNG.java:1134)
	at org.testng.TestNG.runSuites(TestNG.java:1063)
	at org.testng.TestNG.run(TestNG.java:1031)
	at org.testng.remote.AbstractRemoteTestNG.run(AbstractRemoteTestNG.java:115)
	at org.testng.remote.RemoteTestNG.initAndRun(RemoteTestNG.java:251)
	at org.testng.remote.RemoteTestNG.main(RemoteTestNG.java:77)

2022-08-27 21:56:16 INFO  - I am in onFinish method Default test
2022-08-27 21:56:16 INFO  - Report closed 
2022-08-27 21:59:09 INFO  - I am in onStart method Default test
2022-08-27 21:59:09 INFO  - Updated environment details at /src/main/resources/environment.properties
2022-08-27 21:59:10 INFO  - Platform: windows 10  Windows_App: C:\Windows\System32\notepad.exe
2022-08-27 21:59:11 INFO  -   Windows_App: C:\Windows\System32\notepad.exe app launched succefully: 
2022-08-27 21:59:11 INFO  - Testcase started: searchItem
2022-08-27 21:59:11 INFO  - Check Element visible: By.name: Edit
2022-08-27 21:59:11 INFO  - Verify Edit tab is displayed --Pass
2022-08-27 21:59:14 INFO  - Click on Edit tab  --Pass
2022-08-27 21:59:16 INFO  - Click on Timedate  --Pass
2022-08-27 21:59:16 INFO  - Selected all the data  --Pass
2022-08-27 21:59:20 INFO  - Failed :java.lang.AssertionError: null
	at org.testng.Assert.fail(Assert.java:99)
	at org.testng.Assert.fail(Assert.java:106)
	at com.smoke.tests.FilesTest.searchItem(FilesTest.java:36)
	at java.base/jdk.internal.reflect.NativeMethodAccessorImpl.invoke0(Native Method)
	at java.base/jdk.internal.reflect.NativeMethodAccessorImpl.invoke(NativeMethodAccessorImpl.java:64)
	at java.base/jdk.internal.reflect.DelegatingMethodAccessorImpl.invoke(DelegatingMethodAccessorImpl.java:43)
	at java.base/java.lang.reflect.Method.invoke(Method.java:564)
	at org.testng.internal.MethodInvocationHelper.invokeMethod(MethodInvocationHelper.java:133)
	at org.testng.internal.TestInvoker.invokeMethod(TestInvoker.java:598)
	at org.testng.internal.TestInvoker.invokeTestMethod(TestInvoker.java:173)
	at org.testng.internal.MethodRunner.runInSequence(MethodRunner.java:46)
	at org.testng.internal.TestInvoker$MethodInvocationAgent.invoke(TestInvoker.java:824)
	at org.testng.internal.TestInvoker.invokeTestMethods(TestInvoker.java:146)
	at org.testng.internal.TestMethodWorker.invokeTestMethods(TestMethodWorker.java:146)
	at org.testng.internal.TestMethodWorker.run(TestMethodWorker.java:128)
	at java.base/java.util.ArrayList.forEach(ArrayList.java:1511)
	at org.testng.TestRunner.privateRun(TestRunner.java:794)
	at org.testng.TestRunner.run(TestRunner.java:596)
	at org.testng.SuiteRunner.runTest(SuiteRunner.java:377)
	at org.testng.SuiteRunner.runSequentially(SuiteRunner.java:371)
	at org.testng.SuiteRunner.privateRun(SuiteRunner.java:332)
	at org.testng.SuiteRunner.run(SuiteRunner.java:276)
	at org.testng.SuiteRunnerWorker.runSuite(SuiteRunnerWorker.java:53)
	at org.testng.SuiteRunnerWorker.run(SuiteRunnerWorker.java:96)
	at org.testng.TestNG.runSuitesSequentially(TestNG.java:1212)
	at org.testng.TestNG.runSuitesLocally(TestNG.java:1134)
	at org.testng.TestNG.runSuites(TestNG.java:1063)
	at org.testng.TestNG.run(TestNG.java:1031)
	at org.testng.remote.AbstractRemoteTestNG.run(AbstractRemoteTestNG.java:115)
	at org.testng.remote.RemoteTestNG.initAndRun(RemoteTestNG.java:251)
	at org.testng.remote.RemoteTestNG.main(RemoteTestNG.java:77)

2022-08-27 21:59:20 INFO  - Failed :java.lang.NullPointerException: Cannot invoke "Object.getClass()" because "driver" is null
	at org.openqa.selenium.remote.Augmenter.extractRemoteWebDriver(Augmenter.java:72)
	at org.openqa.selenium.remote.BaseAugmenter.augment(BaseAugmenter.java:96)
	at ru.yandex.qatools.ashot.shooting.SimpleShootingStrategy.getScreenshot(SimpleShootingStrategy.java:24)
	at ru.yandex.qatools.ashot.AShot.takeScreenshot(AShot.java:143)
	at controllers.BaseActions.takeScreenshot(BaseActions.java:1512)
	at listeners.CustomListener.onTestFailure(CustomListener.java:124)
	at org.testng.internal.TestListenerHelper.runTestListeners(TestListenerHelper.java:96)
	at org.testng.internal.TestInvoker.runTestResultListener(TestInvoker.java:219)
	at org.testng.internal.TestInvoker.invokeMethod(TestInvoker.java:656)
	at org.testng.internal.TestInvoker.invokeTestMethod(TestInvoker.java:173)
	at org.testng.internal.MethodRunner.runInSequence(MethodRunner.java:46)
	at org.testng.internal.TestInvoker$MethodInvocationAgent.invoke(TestInvoker.java:824)
	at org.testng.internal.TestInvoker.invokeTestMethods(TestInvoker.java:146)
	at org.testng.internal.TestMethodWorker.invokeTestMethods(TestMethodWorker.java:146)
	at org.testng.internal.TestMethodWorker.run(TestMethodWorker.java:128)
	at java.base/java.util.ArrayList.forEach(ArrayList.java:1511)
	at org.testng.TestRunner.privateRun(TestRunner.java:794)
	at org.testng.TestRunner.run(TestRunner.java:596)
	at org.testng.SuiteRunner.runTest(SuiteRunner.java:377)
	at org.testng.SuiteRunner.runSequentially(SuiteRunner.java:371)
	at org.testng.SuiteRunner.privateRun(SuiteRunner.java:332)
	at org.testng.SuiteRunner.run(SuiteRunner.java:276)
	at org.testng.SuiteRunnerWorker.runSuite(SuiteRunnerWorker.java:53)
	at org.testng.SuiteRunnerWorker.run(SuiteRunnerWorker.java:96)
	at org.testng.TestNG.runSuitesSequentially(TestNG.java:1212)
	at org.testng.TestNG.runSuitesLocally(TestNG.java:1134)
	at org.testng.TestNG.runSuites(TestNG.java:1063)
	at org.testng.TestNG.run(TestNG.java:1031)
	at org.testng.remote.AbstractRemoteTestNG.run(AbstractRemoteTestNG.java:115)
	at org.testng.remote.RemoteTestNG.initAndRun(RemoteTestNG.java:251)
	at org.testng.remote.RemoteTestNG.main(RemoteTestNG.java:77)

2022-08-27 21:59:20 INFO  - I am in onFinish method Default test
2022-08-27 21:59:21 INFO  - Report closed 
2022-08-27 22:07:39 INFO  - I am in onStart method Default test
2022-08-27 22:07:39 INFO  - Updated environment details at /src/main/resources/environment.properties
2022-08-27 22:07:40 INFO  - Platform: windows 10  Windows_App: C:\Windows\System32\notepad.exe
2022-08-27 22:07:41 INFO  -   Windows_App: C:\Windows\System32\notepad.exe app launched succefully: 
2022-08-27 22:07:41 INFO  - Testcase started: searchItem
2022-08-27 22:07:41 INFO  - Check Element visible: By.name: Edit
2022-08-27 22:07:42 INFO  - Verify Edit tab is displayed --Pass
2022-08-27 22:07:44 INFO  - Click on Edit tab  --Pass
2022-08-27 22:07:46 INFO  - Click on Timedate  --Pass
2022-08-27 22:07:47 INFO  - Selected all the data  --Pass
2022-08-27 22:07:51 INFO  - Failed :java.lang.AssertionError: null
	at org.testng.Assert.fail(Assert.java:99)
	at org.testng.Assert.fail(Assert.java:106)
	at com.smoke.tests.FilesTest.searchItem(FilesTest.java:36)
	at java.base/jdk.internal.reflect.NativeMethodAccessorImpl.invoke0(Native Method)
	at java.base/jdk.internal.reflect.NativeMethodAccessorImpl.invoke(NativeMethodAccessorImpl.java:64)
	at java.base/jdk.internal.reflect.DelegatingMethodAccessorImpl.invoke(DelegatingMethodAccessorImpl.java:43)
	at java.base/java.lang.reflect.Method.invoke(Method.java:564)
	at org.testng.internal.MethodInvocationHelper.invokeMethod(MethodInvocationHelper.java:133)
	at org.testng.internal.TestInvoker.invokeMethod(TestInvoker.java:598)
	at org.testng.internal.TestInvoker.invokeTestMethod(TestInvoker.java:173)
	at org.testng.internal.MethodRunner.runInSequence(MethodRunner.java:46)
	at org.testng.internal.TestInvoker$MethodInvocationAgent.invoke(TestInvoker.java:824)
	at org.testng.internal.TestInvoker.invokeTestMethods(TestInvoker.java:146)
	at org.testng.internal.TestMethodWorker.invokeTestMethods(TestMethodWorker.java:146)
	at org.testng.internal.TestMethodWorker.run(TestMethodWorker.java:128)
	at java.base/java.util.ArrayList.forEach(ArrayList.java:1511)
	at org.testng.TestRunner.privateRun(TestRunner.java:794)
	at org.testng.TestRunner.run(TestRunner.java:596)
	at org.testng.SuiteRunner.runTest(SuiteRunner.java:377)
	at org.testng.SuiteRunner.runSequentially(SuiteRunner.java:371)
	at org.testng.SuiteRunner.privateRun(SuiteRunner.java:332)
	at org.testng.SuiteRunner.run(SuiteRunner.java:276)
	at org.testng.SuiteRunnerWorker.runSuite(SuiteRunnerWorker.java:53)
	at org.testng.SuiteRunnerWorker.run(SuiteRunnerWorker.java:96)
	at org.testng.TestNG.runSuitesSequentially(TestNG.java:1212)
	at org.testng.TestNG.runSuitesLocally(TestNG.java:1134)
	at org.testng.TestNG.runSuites(TestNG.java:1063)
	at org.testng.TestNG.run(TestNG.java:1031)
	at org.testng.remote.AbstractRemoteTestNG.run(AbstractRemoteTestNG.java:115)
	at org.testng.remote.RemoteTestNG.initAndRun(RemoteTestNG.java:251)
	at org.testng.remote.RemoteTestNG.main(RemoteTestNG.java:77)

2022-08-27 22:07:51 INFO  - Failed :java.lang.NullPointerException: Cannot invoke "org.openqa.selenium.TakesScreenshot.getScreenshotAs(org.openqa.selenium.OutputType)" because "driver" is null
	at controllers.BaseActions.takeScreenshot(BaseActions.java:1513)
	at listeners.CustomListener.onTestFailure(CustomListener.java:124)
	at org.testng.internal.TestListenerHelper.runTestListeners(TestListenerHelper.java:96)
	at org.testng.internal.TestInvoker.runTestResultListener(TestInvoker.java:219)
	at org.testng.internal.TestInvoker.invokeMethod(TestInvoker.java:656)
	at org.testng.internal.TestInvoker.invokeTestMethod(TestInvoker.java:173)
	at org.testng.internal.MethodRunner.runInSequence(MethodRunner.java:46)
	at org.testng.internal.TestInvoker$MethodInvocationAgent.invoke(TestInvoker.java:824)
	at org.testng.internal.TestInvoker.invokeTestMethods(TestInvoker.java:146)
	at org.testng.internal.TestMethodWorker.invokeTestMethods(TestMethodWorker.java:146)
	at org.testng.internal.TestMethodWorker.run(TestMethodWorker.java:128)
	at java.base/java.util.ArrayList.forEach(ArrayList.java:1511)
	at org.testng.TestRunner.privateRun(TestRunner.java:794)
	at org.testng.TestRunner.run(TestRunner.java:596)
	at org.testng.SuiteRunner.runTest(SuiteRunner.java:377)
	at org.testng.SuiteRunner.runSequentially(SuiteRunner.java:371)
	at org.testng.SuiteRunner.privateRun(SuiteRunner.java:332)
	at org.testng.SuiteRunner.run(SuiteRunner.java:276)
	at org.testng.SuiteRunnerWorker.runSuite(SuiteRunnerWorker.java:53)
	at org.testng.SuiteRunnerWorker.run(SuiteRunnerWorker.java:96)
	at org.testng.TestNG.runSuitesSequentially(TestNG.java:1212)
	at org.testng.TestNG.runSuitesLocally(TestNG.java:1134)
	at org.testng.TestNG.runSuites(TestNG.java:1063)
	at org.testng.TestNG.run(TestNG.java:1031)
	at org.testng.remote.AbstractRemoteTestNG.run(AbstractRemoteTestNG.java:115)
	at org.testng.remote.RemoteTestNG.initAndRun(RemoteTestNG.java:251)
	at org.testng.remote.RemoteTestNG.main(RemoteTestNG.java:77)

2022-08-27 22:07:51 INFO  - I am in onFinish method Default test
2022-08-27 22:07:52 INFO  - Report closed 
2022-08-27 22:18:11 INFO  - I am in onStart method Default test
2022-08-27 22:18:11 INFO  - Updated environment details at /src/main/resources/environment.properties
2022-08-27 22:18:12 INFO  - Platform: windows 10  Windows_App: C:\Windows\System32\notepad.exe
2022-08-27 22:18:13 INFO  -   Windows_App: C:\Windows\System32\notepad.exe app launched succefully: 
2022-08-27 22:18:13 INFO  - Testcase started: searchItem
2022-08-27 22:18:13 INFO  - Check Element visible: By.name: Edit
2022-08-27 22:18:14 INFO  - Verify Edit tab is displayed --Pass
2022-08-27 22:18:16 INFO  - Click on Edit tab  --Pass
2022-08-27 22:18:18 INFO  - Click on Timedate  --Pass
2022-08-27 22:18:19 INFO  - Selected all the data  --Pass
2022-08-27 22:18:23 INFO  - Failed :java.lang.AssertionError: null
	at org.testng.Assert.fail(Assert.java:99)
	at org.testng.Assert.fail(Assert.java:106)
	at com.smoke.tests.FilesTest.searchItem(FilesTest.java:36)
	at java.base/jdk.internal.reflect.NativeMethodAccessorImpl.invoke0(Native Method)
	at java.base/jdk.internal.reflect.NativeMethodAccessorImpl.invoke(NativeMethodAccessorImpl.java:64)
	at java.base/jdk.internal.reflect.DelegatingMethodAccessorImpl.invoke(DelegatingMethodAccessorImpl.java:43)
	at java.base/java.lang.reflect.Method.invoke(Method.java:564)
	at org.testng.internal.MethodInvocationHelper.invokeMethod(MethodInvocationHelper.java:133)
	at org.testng.internal.TestInvoker.invokeMethod(TestInvoker.java:598)
	at org.testng.internal.TestInvoker.invokeTestMethod(TestInvoker.java:173)
	at org.testng.internal.MethodRunner.runInSequence(MethodRunner.java:46)
	at org.testng.internal.TestInvoker$MethodInvocationAgent.invoke(TestInvoker.java:824)
	at org.testng.internal.TestInvoker.invokeTestMethods(TestInvoker.java:146)
	at org.testng.internal.TestMethodWorker.invokeTestMethods(TestMethodWorker.java:146)
	at org.testng.internal.TestMethodWorker.run(TestMethodWorker.java:128)
	at java.base/java.util.ArrayList.forEach(ArrayList.java:1511)
	at org.testng.TestRunner.privateRun(TestRunner.java:794)
	at org.testng.TestRunner.run(TestRunner.java:596)
	at org.testng.SuiteRunner.runTest(SuiteRunner.java:377)
	at org.testng.SuiteRunner.runSequentially(SuiteRunner.java:371)
	at org.testng.SuiteRunner.privateRun(SuiteRunner.java:332)
	at org.testng.SuiteRunner.run(SuiteRunner.java:276)
	at org.testng.SuiteRunnerWorker.runSuite(SuiteRunnerWorker.java:53)
	at org.testng.SuiteRunnerWorker.run(SuiteRunnerWorker.java:96)
	at org.testng.TestNG.runSuitesSequentially(TestNG.java:1212)
	at org.testng.TestNG.runSuitesLocally(TestNG.java:1134)
	at org.testng.TestNG.runSuites(TestNG.java:1063)
	at org.testng.TestNG.run(TestNG.java:1031)
	at org.testng.remote.AbstractRemoteTestNG.run(AbstractRemoteTestNG.java:115)
	at org.testng.remote.RemoteTestNG.initAndRun(RemoteTestNG.java:251)
	at org.testng.remote.RemoteTestNG.main(RemoteTestNG.java:77)

2022-08-27 22:18:23 INFO  - Failed :java.lang.NullPointerException: Cannot invoke "org.openqa.selenium.TakesScreenshot.getScreenshotAs(org.openqa.selenium.OutputType)" because the return value of "listeners.CustomListener.getWinDriver()" is null
	at listeners.CustomListener.onTestFailure(CustomListener.java:117)
	at org.testng.internal.TestListenerHelper.runTestListeners(TestListenerHelper.java:96)
	at org.testng.internal.TestInvoker.runTestResultListener(TestInvoker.java:219)
	at org.testng.internal.TestInvoker.invokeMethod(TestInvoker.java:656)
	at org.testng.internal.TestInvoker.invokeTestMethod(TestInvoker.java:173)
	at org.testng.internal.MethodRunner.runInSequence(MethodRunner.java:46)
	at org.testng.internal.TestInvoker$MethodInvocationAgent.invoke(TestInvoker.java:824)
	at org.testng.internal.TestInvoker.invokeTestMethods(TestInvoker.java:146)
	at org.testng.internal.TestMethodWorker.invokeTestMethods(TestMethodWorker.java:146)
	at org.testng.internal.TestMethodWorker.run(TestMethodWorker.java:128)
	at java.base/java.util.ArrayList.forEach(ArrayList.java:1511)
	at org.testng.TestRunner.privateRun(TestRunner.java:794)
	at org.testng.TestRunner.run(TestRunner.java:596)
	at org.testng.SuiteRunner.runTest(SuiteRunner.java:377)
	at org.testng.SuiteRunner.runSequentially(SuiteRunner.java:371)
	at org.testng.SuiteRunner.privateRun(SuiteRunner.java:332)
	at org.testng.SuiteRunner.run(SuiteRunner.java:276)
	at org.testng.SuiteRunnerWorker.runSuite(SuiteRunnerWorker.java:53)
	at org.testng.SuiteRunnerWorker.run(SuiteRunnerWorker.java:96)
	at org.testng.TestNG.runSuitesSequentially(TestNG.java:1212)
	at org.testng.TestNG.runSuitesLocally(TestNG.java:1134)
	at org.testng.TestNG.runSuites(TestNG.java:1063)
	at org.testng.TestNG.run(TestNG.java:1031)
	at org.testng.remote.AbstractRemoteTestNG.run(AbstractRemoteTestNG.java:115)
	at org.testng.remote.RemoteTestNG.initAndRun(RemoteTestNG.java:251)
	at org.testng.remote.RemoteTestNG.main(RemoteTestNG.java:77)

2022-08-27 22:18:23 INFO  - I am in onFinish method Default test
2022-08-27 22:18:24 INFO  - Report closed 
2022-08-27 22:19:05 INFO  - I am in onStart method Default test
2022-08-27 22:19:05 INFO  - Updated environment details at /src/main/resources/environment.properties
2022-08-27 22:19:05 INFO  - Platform: windows 10  Windows_App: C:\Windows\System32\notepad.exe
2022-08-27 22:19:06 INFO  -   Windows_App: C:\Windows\System32\notepad.exe app launched succefully: 
2022-08-27 22:19:06 INFO  - Testcase started: searchItem
2022-08-27 22:19:06 INFO  - Check Element visible: By.name: Edit
2022-08-27 22:19:07 INFO  - Verify Edit tab is displayed --Pass
2022-08-27 22:19:09 INFO  - Click on Edit tab  --Pass
2022-08-27 22:19:12 INFO  - Click on Timedate  --Pass
2022-08-27 22:19:12 INFO  - Selected all the data  --Pass
2022-08-27 22:19:16 INFO  - Failed :java.lang.AssertionError: null
	at org.testng.Assert.fail(Assert.java:99)
	at org.testng.Assert.fail(Assert.java:106)
	at com.smoke.tests.FilesTest.searchItem(FilesTest.java:36)
	at java.base/jdk.internal.reflect.NativeMethodAccessorImpl.invoke0(Native Method)
	at java.base/jdk.internal.reflect.NativeMethodAccessorImpl.invoke(NativeMethodAccessorImpl.java:64)
	at java.base/jdk.internal.reflect.DelegatingMethodAccessorImpl.invoke(DelegatingMethodAccessorImpl.java:43)
	at java.base/java.lang.reflect.Method.invoke(Method.java:564)
	at org.testng.internal.MethodInvocationHelper.invokeMethod(MethodInvocationHelper.java:133)
	at org.testng.internal.TestInvoker.invokeMethod(TestInvoker.java:598)
	at org.testng.internal.TestInvoker.invokeTestMethod(TestInvoker.java:173)
	at org.testng.internal.MethodRunner.runInSequence(MethodRunner.java:46)
	at org.testng.internal.TestInvoker$MethodInvocationAgent.invoke(TestInvoker.java:824)
	at org.testng.internal.TestInvoker.invokeTestMethods(TestInvoker.java:146)
	at org.testng.internal.TestMethodWorker.invokeTestMethods(TestMethodWorker.java:146)
	at org.testng.internal.TestMethodWorker.run(TestMethodWorker.java:128)
	at java.base/java.util.ArrayList.forEach(ArrayList.java:1511)
	at org.testng.TestRunner.privateRun(TestRunner.java:794)
	at org.testng.TestRunner.run(TestRunner.java:596)
	at org.testng.SuiteRunner.runTest(SuiteRunner.java:377)
	at org.testng.SuiteRunner.runSequentially(SuiteRunner.java:371)
	at org.testng.SuiteRunner.privateRun(SuiteRunner.java:332)
	at org.testng.SuiteRunner.run(SuiteRunner.java:276)
	at org.testng.SuiteRunnerWorker.runSuite(SuiteRunnerWorker.java:53)
	at org.testng.SuiteRunnerWorker.run(SuiteRunnerWorker.java:96)
	at org.testng.TestNG.runSuitesSequentially(TestNG.java:1212)
	at org.testng.TestNG.runSuitesLocally(TestNG.java:1134)
	at org.testng.TestNG.runSuites(TestNG.java:1063)
	at org.testng.TestNG.run(TestNG.java:1031)
	at org.testng.remote.AbstractRemoteTestNG.run(AbstractRemoteTestNG.java:115)
	at org.testng.remote.RemoteTestNG.initAndRun(RemoteTestNG.java:251)
	at org.testng.remote.RemoteTestNG.main(RemoteTestNG.java:77)

2022-08-27 22:19:16 INFO  - Failed :java.lang.NullPointerException: Cannot invoke "org.openqa.selenium.TakesScreenshot.getScreenshotAs(org.openqa.selenium.OutputType)" because the return value of "listeners.CustomListener.getWinDriver()" is null
	at listeners.CustomListener.onTestFailure(CustomListener.java:117)
	at org.testng.internal.TestListenerHelper.runTestListeners(TestListenerHelper.java:96)
	at org.testng.internal.TestInvoker.runTestResultListener(TestInvoker.java:219)
	at org.testng.internal.TestInvoker.invokeMethod(TestInvoker.java:656)
	at org.testng.internal.TestInvoker.invokeTestMethod(TestInvoker.java:173)
	at org.testng.internal.MethodRunner.runInSequence(MethodRunner.java:46)
	at org.testng.internal.TestInvoker$MethodInvocationAgent.invoke(TestInvoker.java:824)
	at org.testng.internal.TestInvoker.invokeTestMethods(TestInvoker.java:146)
	at org.testng.internal.TestMethodWorker.invokeTestMethods(TestMethodWorker.java:146)
	at org.testng.internal.TestMethodWorker.run(TestMethodWorker.java:128)
	at java.base/java.util.ArrayList.forEach(ArrayList.java:1511)
	at org.testng.TestRunner.privateRun(TestRunner.java:794)
	at org.testng.TestRunner.run(TestRunner.java:596)
	at org.testng.SuiteRunner.runTest(SuiteRunner.java:377)
	at org.testng.SuiteRunner.runSequentially(SuiteRunner.java:371)
	at org.testng.SuiteRunner.privateRun(SuiteRunner.java:332)
	at org.testng.SuiteRunner.run(SuiteRunner.java:276)
	at org.testng.SuiteRunnerWorker.runSuite(SuiteRunnerWorker.java:53)
	at org.testng.SuiteRunnerWorker.run(SuiteRunnerWorker.java:96)
	at org.testng.TestNG.runSuitesSequentially(TestNG.java:1212)
	at org.testng.TestNG.runSuitesLocally(TestNG.java:1134)
	at org.testng.TestNG.runSuites(TestNG.java:1063)
	at org.testng.TestNG.run(TestNG.java:1031)
	at org.testng.remote.AbstractRemoteTestNG.run(AbstractRemoteTestNG.java:115)
	at org.testng.remote.RemoteTestNG.initAndRun(RemoteTestNG.java:251)
	at org.testng.remote.RemoteTestNG.main(RemoteTestNG.java:77)

2022-08-27 22:19:16 INFO  - I am in onFinish method Default test
2022-08-27 22:19:16 INFO  - Report closed 
2022-08-27 22:31:26 INFO  - I am in onStart method Default test
2022-08-27 22:31:26 INFO  - Updated environment details at /src/main/resources/environment.properties
2022-08-27 22:31:27 INFO  - Platform: windows 10  Windows_App: C:\Windows\System32\notepad.exe
2022-08-27 22:31:29 INFO  -   Windows_App: C:\Windows\System32\notepad.exe app launched succefully: 
2022-08-27 22:31:29 INFO  - Testcase started: searchItem
2022-08-27 22:31:29 INFO  - Check Element visible: By.name: Edit
2022-08-27 22:31:29 INFO  - Verify Edit tab is displayed --Pass
2022-08-27 22:31:32 INFO  - Click on Edit tab  --Pass
2022-08-27 22:31:34 INFO  - Click on Timedate  --Pass
2022-08-27 22:31:35 INFO  - Selected all the data  --Pass
2022-08-27 22:31:39 INFO  - Failed :java.lang.AssertionError: null
	at org.testng.Assert.fail(Assert.java:99)
	at org.testng.Assert.fail(Assert.java:106)
	at com.smoke.tests.FilesTest.searchItem(FilesTest.java:36)
	at java.base/jdk.internal.reflect.NativeMethodAccessorImpl.invoke0(Native Method)
	at java.base/jdk.internal.reflect.NativeMethodAccessorImpl.invoke(NativeMethodAccessorImpl.java:64)
	at java.base/jdk.internal.reflect.DelegatingMethodAccessorImpl.invoke(DelegatingMethodAccessorImpl.java:43)
	at java.base/java.lang.reflect.Method.invoke(Method.java:564)
	at org.testng.internal.MethodInvocationHelper.invokeMethod(MethodInvocationHelper.java:133)
	at org.testng.internal.TestInvoker.invokeMethod(TestInvoker.java:598)
	at org.testng.internal.TestInvoker.invokeTestMethod(TestInvoker.java:173)
	at org.testng.internal.MethodRunner.runInSequence(MethodRunner.java:46)
	at org.testng.internal.TestInvoker$MethodInvocationAgent.invoke(TestInvoker.java:824)
	at org.testng.internal.TestInvoker.invokeTestMethods(TestInvoker.java:146)
	at org.testng.internal.TestMethodWorker.invokeTestMethods(TestMethodWorker.java:146)
	at org.testng.internal.TestMethodWorker.run(TestMethodWorker.java:128)
	at java.base/java.util.ArrayList.forEach(ArrayList.java:1511)
	at org.testng.TestRunner.privateRun(TestRunner.java:794)
	at org.testng.TestRunner.run(TestRunner.java:596)
	at org.testng.SuiteRunner.runTest(SuiteRunner.java:377)
	at org.testng.SuiteRunner.runSequentially(SuiteRunner.java:371)
	at org.testng.SuiteRunner.privateRun(SuiteRunner.java:332)
	at org.testng.SuiteRunner.run(SuiteRunner.java:276)
	at org.testng.SuiteRunnerWorker.runSuite(SuiteRunnerWorker.java:53)
	at org.testng.SuiteRunnerWorker.run(SuiteRunnerWorker.java:96)
	at org.testng.TestNG.runSuitesSequentially(TestNG.java:1212)
	at org.testng.TestNG.runSuitesLocally(TestNG.java:1134)
	at org.testng.TestNG.runSuites(TestNG.java:1063)
	at org.testng.TestNG.run(TestNG.java:1031)
	at org.testng.remote.AbstractRemoteTestNG.run(AbstractRemoteTestNG.java:115)
	at org.testng.remote.RemoteTestNG.initAndRun(RemoteTestNG.java:251)
	at org.testng.remote.RemoteTestNG.main(RemoteTestNG.java:77)

2022-08-27 22:31:39 INFO  - Failed :java.lang.NullPointerException: Cannot invoke "org.openqa.selenium.TakesScreenshot.getScreenshotAs(org.openqa.selenium.OutputType)" because the return value of "listeners.CustomListener.getWinDriver()" is null
	at listeners.CustomListener.onTestFailure(CustomListener.java:118)
	at org.testng.internal.TestListenerHelper.runTestListeners(TestListenerHelper.java:96)
	at org.testng.internal.TestInvoker.runTestResultListener(TestInvoker.java:219)
	at org.testng.internal.TestInvoker.invokeMethod(TestInvoker.java:656)
	at org.testng.internal.TestInvoker.invokeTestMethod(TestInvoker.java:173)
	at org.testng.internal.MethodRunner.runInSequence(MethodRunner.java:46)
	at org.testng.internal.TestInvoker$MethodInvocationAgent.invoke(TestInvoker.java:824)
	at org.testng.internal.TestInvoker.invokeTestMethods(TestInvoker.java:146)
	at org.testng.internal.TestMethodWorker.invokeTestMethods(TestMethodWorker.java:146)
	at org.testng.internal.TestMethodWorker.run(TestMethodWorker.java:128)
	at java.base/java.util.ArrayList.forEach(ArrayList.java:1511)
	at org.testng.TestRunner.privateRun(TestRunner.java:794)
	at org.testng.TestRunner.run(TestRunner.java:596)
	at org.testng.SuiteRunner.runTest(SuiteRunner.java:377)
	at org.testng.SuiteRunner.runSequentially(SuiteRunner.java:371)
	at org.testng.SuiteRunner.privateRun(SuiteRunner.java:332)
	at org.testng.SuiteRunner.run(SuiteRunner.java:276)
	at org.testng.SuiteRunnerWorker.runSuite(SuiteRunnerWorker.java:53)
	at org.testng.SuiteRunnerWorker.run(SuiteRunnerWorker.java:96)
	at org.testng.TestNG.runSuitesSequentially(TestNG.java:1212)
	at org.testng.TestNG.runSuitesLocally(TestNG.java:1134)
	at org.testng.TestNG.runSuites(TestNG.java:1063)
	at org.testng.TestNG.run(TestNG.java:1031)
	at org.testng.remote.AbstractRemoteTestNG.run(AbstractRemoteTestNG.java:115)
	at org.testng.remote.RemoteTestNG.initAndRun(RemoteTestNG.java:251)
	at org.testng.remote.RemoteTestNG.main(RemoteTestNG.java:77)

2022-08-27 22:31:39 INFO  - I am in onFinish method Default test
2022-08-27 22:31:39 INFO  - Report closed 
2022-08-27 22:32:46 INFO  - I am in onStart method Default test
2022-08-27 22:32:46 INFO  - Updated environment details at /src/main/resources/environment.properties
2022-08-27 22:32:46 INFO  - Platform: windows 10  Windows_App: C:\Windows\System32\notepad.exe
2022-08-27 22:32:47 INFO  -   Windows_App: C:\Windows\System32\notepad.exe app launched succefully: 
2022-08-27 22:32:47 INFO  - Testcase started: searchItem
2022-08-27 22:32:47 INFO  - Check Element visible: By.name: Edit
2022-08-27 22:32:48 INFO  - Verify Edit tab is displayed --Pass
2022-08-27 22:32:50 INFO  - Click on Edit tab  --Pass
2022-08-27 22:32:53 INFO  - Click on Timedate  --Pass
2022-08-27 22:32:53 INFO  - Selected all the data  --Pass
2022-08-27 22:32:57 INFO  - Failed :java.lang.AssertionError: null
	at org.testng.Assert.fail(Assert.java:99)
	at org.testng.Assert.fail(Assert.java:106)
	at com.smoke.tests.FilesTest.searchItem(FilesTest.java:36)
	at java.base/jdk.internal.reflect.NativeMethodAccessorImpl.invoke0(Native Method)
	at java.base/jdk.internal.reflect.NativeMethodAccessorImpl.invoke(NativeMethodAccessorImpl.java:64)
	at java.base/jdk.internal.reflect.DelegatingMethodAccessorImpl.invoke(DelegatingMethodAccessorImpl.java:43)
	at java.base/java.lang.reflect.Method.invoke(Method.java:564)
	at org.testng.internal.MethodInvocationHelper.invokeMethod(MethodInvocationHelper.java:133)
	at org.testng.internal.TestInvoker.invokeMethod(TestInvoker.java:598)
	at org.testng.internal.TestInvoker.invokeTestMethod(TestInvoker.java:173)
	at org.testng.internal.MethodRunner.runInSequence(MethodRunner.java:46)
	at org.testng.internal.TestInvoker$MethodInvocationAgent.invoke(TestInvoker.java:824)
	at org.testng.internal.TestInvoker.invokeTestMethods(TestInvoker.java:146)
	at org.testng.internal.TestMethodWorker.invokeTestMethods(TestMethodWorker.java:146)
	at org.testng.internal.TestMethodWorker.run(TestMethodWorker.java:128)
	at java.base/java.util.ArrayList.forEach(ArrayList.java:1511)
	at org.testng.TestRunner.privateRun(TestRunner.java:794)
	at org.testng.TestRunner.run(TestRunner.java:596)
	at org.testng.SuiteRunner.runTest(SuiteRunner.java:377)
	at org.testng.SuiteRunner.runSequentially(SuiteRunner.java:371)
	at org.testng.SuiteRunner.privateRun(SuiteRunner.java:332)
	at org.testng.SuiteRunner.run(SuiteRunner.java:276)
	at org.testng.SuiteRunnerWorker.runSuite(SuiteRunnerWorker.java:53)
	at org.testng.SuiteRunnerWorker.run(SuiteRunnerWorker.java:96)
	at org.testng.TestNG.runSuitesSequentially(TestNG.java:1212)
	at org.testng.TestNG.runSuitesLocally(TestNG.java:1134)
	at org.testng.TestNG.runSuites(TestNG.java:1063)
	at org.testng.TestNG.run(TestNG.java:1031)
	at org.testng.remote.AbstractRemoteTestNG.run(AbstractRemoteTestNG.java:115)
	at org.testng.remote.RemoteTestNG.initAndRun(RemoteTestNG.java:251)
	at org.testng.remote.RemoteTestNG.main(RemoteTestNG.java:77)

2022-08-27 22:32:57 INFO  - Failed :java.lang.NullPointerException: Cannot invoke "org.openqa.selenium.TakesScreenshot.getScreenshotAs(org.openqa.selenium.OutputType)" because the return value of "listeners.CustomListener.getWinDriver()" is null
	at listeners.CustomListener.onTestFailure(CustomListener.java:118)
	at org.testng.internal.TestListenerHelper.runTestListeners(TestListenerHelper.java:96)
	at org.testng.internal.TestInvoker.runTestResultListener(TestInvoker.java:219)
	at org.testng.internal.TestInvoker.invokeMethod(TestInvoker.java:656)
	at org.testng.internal.TestInvoker.invokeTestMethod(TestInvoker.java:173)
	at org.testng.internal.MethodRunner.runInSequence(MethodRunner.java:46)
	at org.testng.internal.TestInvoker$MethodInvocationAgent.invoke(TestInvoker.java:824)
	at org.testng.internal.TestInvoker.invokeTestMethods(TestInvoker.java:146)
	at org.testng.internal.TestMethodWorker.invokeTestMethods(TestMethodWorker.java:146)
	at org.testng.internal.TestMethodWorker.run(TestMethodWorker.java:128)
	at java.base/java.util.ArrayList.forEach(ArrayList.java:1511)
	at org.testng.TestRunner.privateRun(TestRunner.java:794)
	at org.testng.TestRunner.run(TestRunner.java:596)
	at org.testng.SuiteRunner.runTest(SuiteRunner.java:377)
	at org.testng.SuiteRunner.runSequentially(SuiteRunner.java:371)
	at org.testng.SuiteRunner.privateRun(SuiteRunner.java:332)
	at org.testng.SuiteRunner.run(SuiteRunner.java:276)
	at org.testng.SuiteRunnerWorker.runSuite(SuiteRunnerWorker.java:53)
	at org.testng.SuiteRunnerWorker.run(SuiteRunnerWorker.java:96)
	at org.testng.TestNG.runSuitesSequentially(TestNG.java:1212)
	at org.testng.TestNG.runSuitesLocally(TestNG.java:1134)
	at org.testng.TestNG.runSuites(TestNG.java:1063)
	at org.testng.TestNG.run(TestNG.java:1031)
	at org.testng.remote.AbstractRemoteTestNG.run(AbstractRemoteTestNG.java:115)
	at org.testng.remote.RemoteTestNG.initAndRun(RemoteTestNG.java:251)
	at org.testng.remote.RemoteTestNG.main(RemoteTestNG.java:77)

2022-08-27 22:32:57 INFO  - I am in onFinish method Default test
2022-08-27 22:32:57 INFO  - Report closed 
2022-08-27 22:46:07 INFO  - I am in onStart method Default test
2022-08-27 22:46:07 INFO  - Updated environment details at /src/main/resources/environment.properties
2022-08-27 22:46:08 INFO  - Platform: windows 10  Windows_App: C:\Windows\System32\notepad.exe
2022-08-27 22:46:09 INFO  -   Windows_App: C:\Windows\System32\notepad.exe app launched succefully: 
2022-08-27 22:46:09 INFO  - Testcase started: searchItem
2022-08-27 22:46:09 INFO  - Check Element visible: By.name: Edit
2022-08-27 22:46:10 INFO  - Verify Edit tab is displayed --Pass
2022-08-27 22:46:12 INFO  - Click on Edit tab  --Pass
2022-08-27 22:46:14 INFO  - Click on Timedate  --Pass
2022-08-27 22:46:15 INFO  - Selected all the data  --Pass
2022-08-27 22:46:19 INFO  - I am in onFinish method Default test
2022-08-27 22:46:20 INFO  - Report closed 
2022-08-27 22:54:35 INFO  - I am in onStart method Default test
2022-08-27 22:54:35 INFO  - Updated environment details at /src/main/resources/environment.properties
2022-08-27 22:54:35 INFO  - Platform: windows 10  Windows_App: C:\Windows\System32\notepad.exe
2022-08-27 22:54:37 INFO  -   Windows_App: C:\Windows\System32\notepad.exe app launched succefully: 
2022-08-27 22:54:37 INFO  - Testcase started: verifyTextEditor
2022-08-27 22:54:37 INFO  - Check Element visible: By.name: Edit
2022-08-27 22:54:37 INFO  - Verify Edit tab is displayed --Pass
2022-08-27 22:54:40 INFO  - Click on Edit tab  --Pass
2022-08-27 22:54:42 INFO  - Click on Timedate  --Pass
2022-08-27 22:54:42 INFO  - Selected all the data  --Pass
2022-08-27 22:55:20 INFO  - java.lang.AssertionError: null
	at org.testng.Assert.fail(Assert.java:99)
	at org.testng.Assert.fail(Assert.java:106)
	at com.smoke.tests.FilesTest.verifyTextEditor(FilesTest.java:36)
	at java.base/jdk.internal.reflect.NativeMethodAccessorImpl.invoke0(Native Method)
	at java.base/jdk.internal.reflect.NativeMethodAccessorImpl.invoke(NativeMethodAccessorImpl.java:64)
	at java.base/jdk.internal.reflect.DelegatingMethodAccessorImpl.invoke(DelegatingMethodAccessorImpl.java:43)
	at java.base/java.lang.reflect.Method.invoke(Method.java:564)
	at org.testng.internal.MethodInvocationHelper.invokeMethod(MethodInvocationHelper.java:133)
	at org.testng.internal.TestInvoker.invokeMethod(TestInvoker.java:598)
	at org.testng.internal.TestInvoker.invokeTestMethod(TestInvoker.java:173)
	at org.testng.internal.MethodRunner.runInSequence(MethodRunner.java:46)
	at org.testng.internal.TestInvoker$MethodInvocationAgent.invoke(TestInvoker.java:824)
	at org.testng.internal.TestInvoker.invokeTestMethods(TestInvoker.java:146)
	at org.testng.internal.TestMethodWorker.invokeTestMethods(TestMethodWorker.java:146)
	at org.testng.internal.TestMethodWorker.run(TestMethodWorker.java:128)
	at java.base/java.util.ArrayList.forEach(ArrayList.java:1511)
	at org.testng.TestRunner.privateRun(TestRunner.java:794)
	at org.testng.TestRunner.run(TestRunner.java:596)
	at org.testng.SuiteRunner.runTest(SuiteRunner.java:377)
	at org.testng.SuiteRunner.runSequentially(SuiteRunner.java:371)
	at org.testng.SuiteRunner.privateRun(SuiteRunner.java:332)
	at org.testng.SuiteRunner.run(SuiteRunner.java:276)
	at org.testng.SuiteRunnerWorker.runSuite(SuiteRunnerWorker.java:53)
	at org.testng.SuiteRunnerWorker.run(SuiteRunnerWorker.java:96)
	at org.testng.TestNG.runSuitesSequentially(TestNG.java:1212)
	at org.testng.TestNG.runSuitesLocally(TestNG.java:1134)
	at org.testng.TestNG.runSuites(TestNG.java:1063)
	at org.testng.TestNG.run(TestNG.java:1031)
	at org.testng.remote.AbstractRemoteTestNG.run(AbstractRemoteTestNG.java:115)
	at org.testng.remote.RemoteTestNG.initAndRun(RemoteTestNG.java:251)
	at org.testng.remote.RemoteTestNG.main(RemoteTestNG.java:77)

2022-08-27 22:55:33 INFO  - I am in onFinish method Default test
2022-08-27 22:55:33 INFO  - Report closed 
2022-08-27 22:57:40 INFO  - I am in onStart method Default test
2022-08-27 22:57:40 INFO  - Updated environment details at /src/main/resources/environment.properties
2022-08-27 22:57:40 INFO  - Platform: windows 10  Windows_App: C:\Windows\System32\notepad.exe
2022-08-27 22:57:42 INFO  -   Windows_App: C:\Windows\System32\notepad.exe app launched succefully: 
2022-08-27 22:57:42 INFO  - Testcase started: verifyTextEditor
2022-08-27 22:57:42 INFO  - Check Element visible: By.name: Edit
2022-08-27 22:57:42 INFO  - Verify Edit tab is displayed --Pass
2022-08-27 22:57:44 INFO  - Click on Edit tab  --Pass
2022-08-27 22:57:47 INFO  - Click on Timedate  --Pass
2022-08-27 22:57:47 INFO  - Selected all the data  --Pass
2022-08-27 22:57:52 INFO  - java.lang.AssertionError: null
	at org.testng.Assert.fail(Assert.java:99)
	at org.testng.Assert.fail(Assert.java:106)
	at com.smoke.tests.FilesTest.verifyTextEditor(FilesTest.java:36)
	at java.base/jdk.internal.reflect.NativeMethodAccessorImpl.invoke0(Native Method)
	at java.base/jdk.internal.reflect.NativeMethodAccessorImpl.invoke(NativeMethodAccessorImpl.java:64)
	at java.base/jdk.internal.reflect.DelegatingMethodAccessorImpl.invoke(DelegatingMethodAccessorImpl.java:43)
	at java.base/java.lang.reflect.Method.invoke(Method.java:564)
	at org.testng.internal.MethodInvocationHelper.invokeMethod(MethodInvocationHelper.java:133)
	at org.testng.internal.TestInvoker.invokeMethod(TestInvoker.java:598)
	at org.testng.internal.TestInvoker.invokeTestMethod(TestInvoker.java:173)
	at org.testng.internal.MethodRunner.runInSequence(MethodRunner.java:46)
	at org.testng.internal.TestInvoker$MethodInvocationAgent.invoke(TestInvoker.java:824)
	at org.testng.internal.TestInvoker.invokeTestMethods(TestInvoker.java:146)
	at org.testng.internal.TestMethodWorker.invokeTestMethods(TestMethodWorker.java:146)
	at org.testng.internal.TestMethodWorker.run(TestMethodWorker.java:128)
	at java.base/java.util.ArrayList.forEach(ArrayList.java:1511)
	at org.testng.TestRunner.privateRun(TestRunner.java:794)
	at org.testng.TestRunner.run(TestRunner.java:596)
	at org.testng.SuiteRunner.runTest(SuiteRunner.java:377)
	at org.testng.SuiteRunner.runSequentially(SuiteRunner.java:371)
	at org.testng.SuiteRunner.privateRun(SuiteRunner.java:332)
	at org.testng.SuiteRunner.run(SuiteRunner.java:276)
	at org.testng.SuiteRunnerWorker.runSuite(SuiteRunnerWorker.java:53)
	at org.testng.SuiteRunnerWorker.run(SuiteRunnerWorker.java:96)
	at org.testng.TestNG.runSuitesSequentially(TestNG.java:1212)
	at org.testng.TestNG.runSuitesLocally(TestNG.java:1134)
	at org.testng.TestNG.runSuites(TestNG.java:1063)
	at org.testng.TestNG.run(TestNG.java:1031)
	at org.testng.remote.AbstractRemoteTestNG.run(AbstractRemoteTestNG.java:115)
	at org.testng.remote.RemoteTestNG.initAndRun(RemoteTestNG.java:251)
	at org.testng.remote.RemoteTestNG.main(RemoteTestNG.java:77)

2022-08-27 22:57:52 INFO  - I am in onFinish method Default test
2022-08-27 22:57:52 INFO  - Report closed 
2022-08-27 22:59:36 INFO  - I am in onStart method Default test
2022-08-27 22:59:36 INFO  - Updated environment details at /src/main/resources/environment.properties
2022-08-27 22:59:36 INFO  - Platform: windows 10  Windows_App: C:\Windows\System32\notepad.exe
2022-08-27 22:59:37 INFO  -   Windows_App: C:\Windows\System32\notepad.exe app launched succefully: 
2022-08-27 22:59:37 INFO  - Testcase started: verifyTextEditor
2022-08-27 22:59:37 INFO  - Check Element visible: By.name: Edit
2022-08-27 22:59:38 INFO  - Verify Edit tab is displayed --Pass
2022-08-27 22:59:40 INFO  - Click on Edit tab  --Pass
2022-08-27 22:59:43 INFO  - Click on Timedate  --Pass
2022-08-27 22:59:43 INFO  - Selected all the data  --Pass
2022-08-27 22:59:47 INFO  - java.lang.AssertionError: null
	at org.testng.Assert.fail(Assert.java:99)
	at org.testng.Assert.fail(Assert.java:106)
	at com.smoke.tests.FilesTest.verifyTextEditor(FilesTest.java:36)
	at java.base/jdk.internal.reflect.NativeMethodAccessorImpl.invoke0(Native Method)
	at java.base/jdk.internal.reflect.NativeMethodAccessorImpl.invoke(NativeMethodAccessorImpl.java:64)
	at java.base/jdk.internal.reflect.DelegatingMethodAccessorImpl.invoke(DelegatingMethodAccessorImpl.java:43)
	at java.base/java.lang.reflect.Method.invoke(Method.java:564)
	at org.testng.internal.MethodInvocationHelper.invokeMethod(MethodInvocationHelper.java:133)
	at org.testng.internal.TestInvoker.invokeMethod(TestInvoker.java:598)
	at org.testng.internal.TestInvoker.invokeTestMethod(TestInvoker.java:173)
	at org.testng.internal.MethodRunner.runInSequence(MethodRunner.java:46)
	at org.testng.internal.TestInvoker$MethodInvocationAgent.invoke(TestInvoker.java:824)
	at org.testng.internal.TestInvoker.invokeTestMethods(TestInvoker.java:146)
	at org.testng.internal.TestMethodWorker.invokeTestMethods(TestMethodWorker.java:146)
	at org.testng.internal.TestMethodWorker.run(TestMethodWorker.java:128)
	at java.base/java.util.ArrayList.forEach(ArrayList.java:1511)
	at org.testng.TestRunner.privateRun(TestRunner.java:794)
	at org.testng.TestRunner.run(TestRunner.java:596)
	at org.testng.SuiteRunner.runTest(SuiteRunner.java:377)
	at org.testng.SuiteRunner.runSequentially(SuiteRunner.java:371)
	at org.testng.SuiteRunner.privateRun(SuiteRunner.java:332)
	at org.testng.SuiteRunner.run(SuiteRunner.java:276)
	at org.testng.SuiteRunnerWorker.runSuite(SuiteRunnerWorker.java:53)
	at org.testng.SuiteRunnerWorker.run(SuiteRunnerWorker.java:96)
	at org.testng.TestNG.runSuitesSequentially(TestNG.java:1212)
	at org.testng.TestNG.runSuitesLocally(TestNG.java:1134)
	at org.testng.TestNG.runSuites(TestNG.java:1063)
	at org.testng.TestNG.run(TestNG.java:1031)
	at org.testng.remote.AbstractRemoteTestNG.run(AbstractRemoteTestNG.java:115)
	at org.testng.remote.RemoteTestNG.initAndRun(RemoteTestNG.java:251)
	at org.testng.remote.RemoteTestNG.main(RemoteTestNG.java:77)

2022-08-27 22:59:47 INFO  - I am in onFinish method Default test
2022-08-27 22:59:48 INFO  - Report closed 
2022-08-27 23:02:36 INFO  - I am in onStart method Smoke
2022-08-27 23:02:36 INFO  - Updated environment details at /src/main/resources/environment.properties
2022-08-27 23:02:36 INFO  - Platform: windows 10  Windows_App: C:\Windows\System32\notepad.exe
2022-08-27 23:02:37 INFO  -   Windows_App: C:\Windows\System32\notepad.exe application launched succefully: 
2022-08-27 23:02:37 INFO  - Testcase started: verifyTextEditor
2022-08-27 23:02:37 INFO  - Check Element visible: By.name: Edit
2022-08-27 23:02:38 INFO  - Verify Edit tab is displayed --Pass
2022-08-27 23:02:40 INFO  - Click on Edit tab  --Pass
2022-08-27 23:02:42 INFO  - Click on Timedate  --Pass
2022-08-27 23:02:43 INFO  - Selected all the data  --Pass
2022-08-27 23:02:47 INFO  - Platform: windows 10  Windows_App: C:\Windows\System32\notepad.exe
2022-08-27 23:02:48 INFO  -   Windows_App: C:\Windows\System32\notepad.exe application launched succefully: 
2022-08-27 23:02:48 INFO  - Testcase started: welcomeTest
2022-08-27 23:02:48 INFO  - Check Element visible: By.name: File
2022-08-27 23:02:48 INFO  - Verify File tab is displayed --Pass
2022-08-27 23:02:50 INFO  - Click on File tab  --Pass
2022-08-27 23:02:53 INFO  - Click on Edit tab  --Pass
2022-08-27 23:02:55 INFO  - Click on View tab  --Pass
2022-08-27 23:02:55 INFO  - Test passed : welcomeTest
2022-08-27 23:02:55 INFO  - I am in onFinish method Smoke
2022-08-27 23:02:55 INFO  - Report closed 
2022-08-27 23:03:28 INFO  - I am in onStart method Smoke
2022-08-27 23:03:28 INFO  - Updated environment details at /src/main/resources/environment.properties
2022-08-27 23:03:28 INFO  - Platform: windows 10  Windows_App: C:\Windows\System32\notepad.exe
2022-08-27 23:03:28 INFO  - Platform: windows 10  Windows_App: C:\Windows\System32\notepad.exe
2022-08-27 23:03:29 INFO  -   Windows_App: C:\Windows\System32\notepad.exe application launched succefully: 
2022-08-27 23:03:29 INFO  - Testcase started: verifyTextEditor
2022-08-27 23:03:29 INFO  -   Windows_App: C:\Windows\System32\notepad.exe application launched succefully: 
2022-08-27 23:03:29 INFO  - Testcase started: welcomeTest
2022-08-27 23:03:30 INFO  - Check Element visible: By.name: Edit
2022-08-27 23:03:30 INFO  - Check Element visible: By.name: File
2022-08-27 23:03:30 INFO  - Verify File tab is displayed --Pass
2022-08-27 23:03:30 INFO  - Verify Edit tab is displayed --Pass
2022-08-27 23:03:32 INFO  - Click on File tab  --Pass
2022-08-27 23:03:32 INFO  - Click on Edit tab  --Pass
2022-08-27 23:03:35 INFO  - Click on Edit tab  --Pass
2022-08-27 23:03:38 INFO  - Click on View tab  --Pass
2022-08-27 23:03:38 INFO  - Test passed : welcomeTest
2022-08-27 23:04:35 INFO  - I am in onFinish method Smoke
2022-08-27 23:04:35 INFO  - Report closed 
2022-08-27 23:08:05 INFO  - I am in onStart method Smoke
2022-08-27 23:08:05 INFO  - Updated environment details at /src/main/resources/environment.properties
2022-08-27 23:08:05 INFO  - Platform: windows 10  Windows_App: C:\Windows\System32\notepad.exe
2022-08-27 23:08:06 INFO  -   Windows_App: C:\Windows\System32\notepad.exe application launched succefully: 
2022-08-27 23:08:06 INFO  - Testcase started: verifyTextEditor
2022-08-27 23:08:06 INFO  - Check Element visible: By.name: Edit
2022-08-27 23:08:07 INFO  - Verify Edit tab is displayed --Pass
2022-08-27 23:08:09 INFO  - Click on Edit tab  --Pass
2022-08-27 23:08:11 INFO  - Click on Timedate  --Pass
2022-08-27 23:08:12 INFO  - Selected all the data  --Pass
2022-08-27 23:08:16 INFO  - Failed :java.lang.AssertionError: null
	at org.testng.Assert.fail(Assert.java:99)
	at org.testng.Assert.fail(Assert.java:106)
	at com.smoke.tests.FilesTest.verifyTextEditor(FilesTest.java:36)
	at java.base/jdk.internal.reflect.NativeMethodAccessorImpl.invoke0(Native Method)
	at java.base/jdk.internal.reflect.NativeMethodAccessorImpl.invoke(NativeMethodAccessorImpl.java:64)
	at java.base/jdk.internal.reflect.DelegatingMethodAccessorImpl.invoke(DelegatingMethodAccessorImpl.java:43)
	at java.base/java.lang.reflect.Method.invoke(Method.java:564)
	at org.testng.internal.MethodInvocationHelper.invokeMethod(MethodInvocationHelper.java:133)
	at org.testng.internal.TestInvoker.invokeMethod(TestInvoker.java:598)
	at org.testng.internal.TestInvoker.invokeTestMethod(TestInvoker.java:173)
	at org.testng.internal.MethodRunner.runInSequence(MethodRunner.java:46)
	at org.testng.internal.TestInvoker$MethodInvocationAgent.invoke(TestInvoker.java:824)
	at org.testng.internal.TestInvoker.invokeTestMethods(TestInvoker.java:146)
	at org.testng.internal.TestMethodWorker.invokeTestMethods(TestMethodWorker.java:146)
	at org.testng.internal.TestMethodWorker.run(TestMethodWorker.java:128)
	at java.base/java.util.concurrent.ThreadPoolExecutor.runWorker(ThreadPoolExecutor.java:1130)
	at java.base/java.util.concurrent.ThreadPoolExecutor$Worker.run(ThreadPoolExecutor.java:630)
	at java.base/java.lang.Thread.run(Thread.java:832)

2022-08-27 23:08:16 INFO  - Screenshot path: D:\github\Java\Desktop_Automation_Demo\ExecutionReports\HtmlReport\FailedScreenshots\20220827230816_verifyTextEditor.jpg
2022-08-27 23:08:16 INFO  - Failed :Test failed : verifyTextEditor
2022-08-27 23:08:16 INFO  - Platform: windows 10  Windows_App: C:\Windows\System32\notepad.exe
2022-08-27 23:08:17 INFO  -   Windows_App: C:\Windows\System32\notepad.exe application launched succefully: 
2022-08-27 23:08:17 INFO  - Testcase started: welcomeTest
2022-08-27 23:08:17 INFO  - Check Element visible: By.name: File
2022-08-27 23:08:17 INFO  - Verify File tab is displayed --Pass
2022-08-27 23:08:20 INFO  - Click on File tab  --Pass
2022-08-27 23:08:22 INFO  - Click on Edit tab  --Pass
2022-08-27 23:08:24 INFO  - Click on View tab  --Pass
2022-08-27 23:08:24 INFO  - I am in onFinish method Smoke
2022-08-27 23:08:25 INFO  - Report closed 
2022-08-27 23:23:00 INFO  - Started WinAppDriver process
2022-08-27 23:23:00 INFO  - I am in onStart method Smoke
2022-08-27 23:23:00 INFO  - Updated environment details at /src/main/resources/environment.properties
2022-08-27 23:23:00 INFO  - Platform: windows 10  Windows_App: C:\Windows\System32\notepad.exe
2022-08-27 23:23:03 INFO  -   Windows_App: C:\Windows\System32\notepad.exe application launched succefully: 
2022-08-27 23:23:03 INFO  - Testcase started: verifyTextEditor
2022-08-27 23:23:03 INFO  - Check Element visible: By.name: Edit
2022-08-27 23:23:03 INFO  - Verify Edit tab is displayed --Pass
2022-08-27 23:23:06 INFO  - Click on Edit tab  --Pass
2022-08-27 23:23:08 INFO  - Click on Timedate  --Pass
2022-08-27 23:23:09 INFO  - Selected all the data  --Pass
2022-08-27 23:23:13 INFO  - Failed :java.lang.AssertionError: null
	at org.testng.Assert.fail(Assert.java:99)
	at org.testng.Assert.fail(Assert.java:106)
	at com.smoke.tests.FilesTest.verifyTextEditor(FilesTest.java:36)
	at java.base/jdk.internal.reflect.NativeMethodAccessorImpl.invoke0(Native Method)
	at java.base/jdk.internal.reflect.NativeMethodAccessorImpl.invoke(NativeMethodAccessorImpl.java:64)
	at java.base/jdk.internal.reflect.DelegatingMethodAccessorImpl.invoke(DelegatingMethodAccessorImpl.java:43)
	at java.base/java.lang.reflect.Method.invoke(Method.java:564)
	at org.testng.internal.MethodInvocationHelper.invokeMethod(MethodInvocationHelper.java:133)
	at org.testng.internal.TestInvoker.invokeMethod(TestInvoker.java:598)
	at org.testng.internal.TestInvoker.invokeTestMethod(TestInvoker.java:173)
	at org.testng.internal.MethodRunner.runInSequence(MethodRunner.java:46)
	at org.testng.internal.TestInvoker$MethodInvocationAgent.invoke(TestInvoker.java:824)
	at org.testng.internal.TestInvoker.invokeTestMethods(TestInvoker.java:146)
	at org.testng.internal.TestMethodWorker.invokeTestMethods(TestMethodWorker.java:146)
	at org.testng.internal.TestMethodWorker.run(TestMethodWorker.java:128)
	at java.base/java.util.concurrent.ThreadPoolExecutor.runWorker(ThreadPoolExecutor.java:1130)
	at java.base/java.util.concurrent.ThreadPoolExecutor$Worker.run(ThreadPoolExecutor.java:630)
	at java.base/java.lang.Thread.run(Thread.java:832)

2022-08-27 23:23:13 INFO  - Screenshot path: D:\github\Java\Desktop_Automation_Demo\ExecutionReports\HtmlReport\FailedScreenshots\20220827232313_verifyTextEditor.jpg
2022-08-27 23:23:13 INFO  - Failed :Test failed : verifyTextEditor
2022-08-27 23:23:14 INFO  - Platform: windows 10  Windows_App: C:\Windows\System32\notepad.exe
2022-08-27 23:23:14 INFO  -   Windows_App: C:\Windows\System32\notepad.exe application launched succefully: 
2022-08-27 23:23:14 INFO  - Testcase started: welcomeTest
2022-08-27 23:23:14 INFO  - Check Element visible: By.name: File
2022-08-27 23:23:15 INFO  - Verify File tab is displayed --Pass
2022-08-27 23:23:17 INFO  - Click on File tab  --Pass
2022-08-27 23:23:19 INFO  - Click on Edit tab  --Pass
2022-08-27 23:23:22 INFO  - Click on View tab  --Pass
2022-08-27 23:23:22 INFO  - I am in onFinish method Smoke
2022-08-27 23:23:22 INFO  - Report closed 
2022-08-27 23:23:22 INFO  - Destroyed WinAppDriver process
